<?xml version="1.0" encoding="utf-8"?><testsuites><testsuite name="pytest" errors="4" failures="220" skipped="18" tests="952" time="52.581" timestamp="2024-12-16T23:25:17.074278+03:00" hostname="DESKTOP-IHFRJV0"><testcase classname="tests.test_elements" name="test_text_with_get_text" time="0.014" /><testcase classname="tests.test_visual" name="test_compare_images" time="0.014" /><testcase classname="tests.test_session" name="test_session_init_default_backend" time="0.019" /><testcase classname="tests.elements.test_base" name="test_init" time="0.016" /><testcase classname="tests.test_performance" name="test_start_monitoring" time="0.018" /><testcase classname="tests.test_input" name="test_click_valid_input" time="0.017"><failure message="AssertionError: assert &lt;MagicMock name='mock.click_mouse()' id='2271816793456'&gt; is True&#10; +  where &lt;MagicMock name='mock.click_mouse()' id='2271816793456'&gt; = click(100, 200, 'left')&#10; +    where click = &lt;pyui_automation.input.mouse.Mouse object at 0x00000210F2791D90&gt;.click">tests\test_input.py:26: in test_click_valid_input
    assert mouse.click(100, 200, "left") is True
E   AssertionError: assert &lt;MagicMock name='mock.click_mouse()' id='2271816793456'&gt; is True
E    +  where &lt;MagicMock name='mock.click_mouse()' id='2271816793456'&gt; = click(100, 200, 'left')
E    +    where click = &lt;pyui_automation.input.mouse.Mouse object at 0x00000210F2791D90&gt;.click</failure></testcase><testcase classname="tests.test_accessibility" name="test_check_element_alt_text" time="0.015" /><testcase classname="tests.elements.test_scrollbar" name="test_scrollbar_init" time="0.016" /><testcase classname="tests.test_core" name="test_find_element" time="0.025" /><testcase classname="tests.test_session" name="test_session_init_custom_backend" time="0.003" /><testcase classname="tests.test_performance" name="test_stop_monitoring" time="0.108" /><testcase classname="tests.test_elements" name="test_text_without_text" time="0.003" /><testcase classname="tests.test_elements" name="test_location_with_get_location" time="0.006" /><testcase classname="tests.test_accessibility" name="test_check_element_color_contrast" time="0.004" /><testcase classname="tests.test_visual" name="test_find_element" time="0.003" /><testcase classname="tests.test_visual" name="test_wait_for_image" time="0.003" /><testcase classname="tests.elements.test_scrollbar" name="test_scrollbar_orientation" time="0.004" /><testcase classname="tests.test_session" name="test_find_element" time="0.007" /><testcase classname="tests.elements.test_base" name="test_native_element" time="0.005" /><testcase classname="tests.test_elements" name="test_location_without_location" time="0.003" /><testcase classname="tests.test_elements" name="test_size_with_get_size" time="0.003" /><testcase classname="tests.elements.test_scrollbar" name="test_scrollbar_value" time="0.004" /><testcase classname="tests.elements.test_scrollbar" name="test_scrollbar_min_value" time="0.004" /><testcase classname="tests.test_core" name="test_find_element_with_timeout" time="0.008" /><testcase classname="tests.elements.test_base" name="test_session" time="0.005" /><testcase classname="tests.elements.test_base" name="test_get_attribute" time="0.005" /><testcase classname="tests.test_session" name="test_find_element_with_timeout" time="0.009" /><testcase classname="tests.test_elements" name="test_size_without_size" time="0.003" /><testcase classname="tests.test_visual" name="test_verify_visual_state" time="0.004"><failure message="assert 0.8662 &gt; 0.95">tests\test_visual.py:82: in test_verify_visual_state
    assert result['similarity'] &gt; 0.95
E   assert 0.8662 &gt; 0.95</failure></testcase><testcase classname="tests.elements.test_base" name="test_get_property" time="0.003" /><testcase classname="tests.elements.test_scrollbar" name="test_scrollbar_max_value" time="0.004" /><testcase classname="tests.test_accessibility" name="test_check_element_keyboard_accessibility" time="0.005" /><testcase classname="tests.test_accessibility" name="test_check_element_aria_role" time="0.004" /><testcase classname="tests.test_accessibility" name="test_check_application" time="0.006"><failure message="assert 0 &gt; 0&#10; +  where 0 = len([])&#10; +    where [] = &lt;pyui_automation.accessibility.AccessibilityChecker object at 0x000001B3079D4A10&gt;.violations">tests\test_accessibility.py:69: in test_check_application
    assert len(accessibility_checker.violations) &gt; 0
E   assert 0 &gt; 0
E    +  where 0 = len([])
E    +    where [] = &lt;pyui_automation.accessibility.AccessibilityChecker object at 0x000001B3079D4A10&gt;.violations</failure></testcase><testcase classname="tests.elements.test_base" name="test_text" time="0.003" /><testcase classname="tests.test_core" name="test_take_screenshot" time="0.018"><failure message="AttributeError: __array_interface__">tests\test_core.py:114: in test_take_screenshot
    ui_automation.take_screenshot(screenshot_path)
pyui_automation\core\session.py:202: in take_screenshot
    Image.fromarray(screenshot).save(str(save_path))
.venv\Lib\site-packages\PIL\Image.py:3304: in fromarray
    arr = obj.__array_interface__
C:\Program Files\Python312\Lib\unittest\mock.py:660: in __getattr__
    raise AttributeError(name)
E   AttributeError: __array_interface__</failure></testcase><testcase classname="tests.test_elements" name="test_is_enabled_with_current" time="0.004" /><testcase classname="tests.elements.test_scrollbar" name="test_scrollbar_step_size" time="0.004" /><testcase classname="tests.test_session" name="test_find_element_not_found" time="0.007" /><testcase classname="tests.elements.test_base" name="test_location" time="0.004" /><testcase classname="tests.elements.test_scrollbar" name="test_scrollbar_page_size" time="0.003" /><testcase classname="tests.test_elements" name="test_is_enabled_with_get" time="0.004" /><testcase classname="tests.test_elements" name="test_is_enabled_without_enabled" time="0.003" /><testcase classname="tests.elements.test_base" name="test_size" time="0.003" /><testcase classname="tests.test_session" name="test_find_elements" time="0.005" /><testcase classname="tests.elements.test_scrollbar" name="test_scrollbar_is_enabled" time="0.003" /><testcase classname="tests.elements.test_base" name="test_name" time="0.003" /><testcase classname="tests.test_elements" name="test_is_displayed_with_current" time="0.003" /><testcase classname="tests.elements.test_scrollbar" name="test_scrollbar_viewport_size" time="0.003" /><testcase classname="tests.test_input" name="test_click_invalid_button" time="0.005" /><testcase classname="tests.test_session" name="test_find_elements_not_found" time="0.006" /><testcase classname="tests.test_elements" name="test_is_displayed_with_get" time="0.004" /><testcase classname="tests.elements.test_base" name="test_name_fallback" time="0.004" /><testcase classname="tests.elements.test_scrollbar" name="test_scrollbar_viewport_size_not_found" time="0.004" /><testcase classname="tests.test_elements" name="test_is_displayed_without_displayed" time="0.003" /><testcase classname="tests.test_input" name="test_click_invalid_coordinates" time="0.005" /><testcase classname="tests.elements.test_base" name="test_visible" time="0.003" /><testcase classname="tests.test_session" name="test_get_active_window" time="0.007" /><testcase classname="tests.elements.test_scrollbar" name="test_scrollbar_scroll_to_valid" time="0.004" /><testcase classname="tests.elements.test_base" name="test_is_displayed" time="0.003" /><testcase classname="tests.test_elements" name="test_click" time="0.004" /><testcase classname="tests.test_input" name="test_click_invalid_coordinates_x" time="0.005"><failure message="AssertionError: Regex pattern did not match.&#10; Regex: 'x must be a number'&#10; Input: 'Coordinates must be numbers'">tests\test_input.py:42: in test_click_invalid_coordinates_x
    mouse.click("invalid", 200)  # type: ignore
pyui_automation\input\mouse.py:59: in click
    raise ValueError("Coordinates must be numbers")
E   ValueError: Coordinates must be numbers

During handling of the above exception, another exception occurred:
tests\test_input.py:41: in test_click_invalid_coordinates_x
    with pytest.raises(ValueError, match="x must be a number"):
E   AssertionError: Regex pattern did not match.
E    Regex: 'x must be a number'
E    Input: 'Coordinates must be numbers'</failure></testcase><testcase classname="tests.test_session" name="test_get_active_window_none" time="0.005" /><testcase classname="tests.elements.test_scrollbar" name="test_scrollbar_scroll_to_invalid" time="0.006" /><testcase classname="tests.elements.test_base" name="test_is_enabled" time="0.003" /><testcase classname="tests.test_elements" name="test_right_click" time="0.005" /><testcase classname="tests.elements.test_base" name="test_get_click_point" time="0.003" /><testcase classname="tests.elements.test_scrollbar" name="test_scrollbar_scroll_to_start" time="0.004" /><testcase classname="tests.test_elements" name="test_double_click" time="0.003" /><testcase classname="tests.test_session" name="test_init_visual_testing" time="0.008" /><testcase classname="tests.test_visual" name="test_capture_baseline" time="0.005" /><testcase classname="tests.elements.test_base" name="test_get_click_point_no_location" time="0.004" /><testcase classname="tests.test_elements" name="test_hover" time="0.004"><failure message="AssertionError: Expected 'move_to' to be called once. Called 0 times.">C:\Program Files\Python312\Lib\unittest\mock.py:955: in assert_called_once_with
    raise AssertionError(msg)
E   AssertionError: Expected 'move_to' to be called once. Called 0 times.

During handling of the above exception, another exception occurred:
tests\test_elements.py:86: in test_hover
    mock_automation.mouse.move_to.assert_called_once_with(10, 20)
E   AssertionError: Expected 'move_to' to be called once. Called 0 times.</failure></testcase><testcase classname="tests.elements.test_scrollbar" name="test_scrollbar_scroll_to_end" time="0.003" /><testcase classname="tests.test_visual" name="test_highlight_differences" time="0.002" /><testcase classname="tests.test_session" name="test_capture_screenshot" time="0.005" /><testcase classname="tests.elements.test_base" name="test_click" time="0.003" /><testcase classname="tests.elements.test_scrollbar" name="test_scrollbar_scroll_by" time="0.003" /><testcase classname="tests.test_visual" name="test_generate_diff_report" time="0.005"><failure message="cv2.error: OpenCV(4.10.0) D:\a\opencv-python\opencv-python\opencv\modules\imgcodecs\src\loadsave.cpp:708: error: (-2:Unspecified error) could not find a writer for the specified extension in function 'cv::imwrite_'">tests\test_visual.py:112: in test_generate_diff_report
    visual_matcher.generate_diff_report(img1, img2, report_path)
pyui_automation\core\visual.py:191: in generate_diff_report
    cv2.imwrite(output_path, report_img)
E   cv2.error: OpenCV(4.10.0) D:\a\opencv-python\opencv-python\opencv\modules\imgcodecs\src\loadsave.cpp:708: error: (-2:Unspecified error) could not find a writer for the specified extension in function 'cv::imwrite_'</failure></testcase><testcase classname="tests.elements.test_base" name="test_double_click" time="0.004" /><testcase classname="tests.test_accessibility" name="test_generate_report" time="0.007" /><testcase classname="tests.test_input" name="test_click_invalid_coordinates_y" time="0.006"><failure message="AssertionError: Regex pattern did not match.&#10; Regex: 'y must be a number'&#10; Input: 'Coordinates must be numbers'">tests\test_input.py:47: in test_click_invalid_coordinates_y
    mouse.click(100, "invalid")  # type: ignore
pyui_automation\input\mouse.py:59: in click
    raise ValueError("Coordinates must be numbers")
E   ValueError: Coordinates must be numbers

During handling of the above exception, another exception occurred:
tests\test_input.py:46: in test_click_invalid_coordinates_y
    with pytest.raises(ValueError, match="y must be a number"):
E   AssertionError: Regex pattern did not match.
E    Regex: 'y must be a number'
E    Input: 'Coordinates must be numbers'</failure></testcase><testcase classname="tests.test_session" name="test_capture_element_screenshot" time="0.006" /><testcase classname="tests.elements.test_scrollbar" name="test_scrollbar_scroll_by_clamped" time="0.005" /><testcase classname="tests.elements.test_base" name="test_right_click" time="0.003" /><testcase classname="tests.test_accessibility" name="test_color_contrast_calculation" time="0.003" /><testcase classname="tests.test_session" name="test_verify_visual_state" time="0.006"><failure message="AttributeError: Element does not support screenshot capture">tests\test_session.py:189: in test_verify_visual_state
    result = mock_session.verify_visual_hash('test_state', mock_element)
pyui_automation\core\session.py:527: in verify_visual_hash
    raise AttributeError("Element does not support screenshot capture")
E   AttributeError: Element does not support screenshot capture</failure></testcase><testcase classname="tests.elements.test_scrollbar" name="test_scrollbar_scroll_step_forward" time="0.003" /><testcase classname="tests.elements.test_base" name="test_hover" time="0.003" /><testcase classname="tests.test_accessibility" name="test_get_all_elements" time="0.004"><failure message="AssertionError: assert 0 == 1&#10; +  where 0 = len(&lt;MagicMock name='mock.find_elements()' id='1868438923808'&gt;)">tests\test_accessibility.py:92: in test_get_all_elements
    assert len(elements) == 1
E   AssertionError: assert 0 == 1
E    +  where 0 = len(&lt;MagicMock name='mock.find_elements()' id='1868438923808'&gt;)</failure></testcase><testcase classname="tests.elements.test_base" name="test_send_keys_no_interval" time="0.003" /><testcase classname="tests.elements.test_scrollbar" name="test_scrollbar_scroll_step_backward" time="0.004" /><testcase classname="tests.elements.test_base" name="test_send_keys_with_interval" time="0.003" /><testcase classname="tests.elements.test_scrollbar" name="test_scrollbar_scroll_page_forward" time="0.005" /><testcase classname="tests.elements.test_base" name="test_clear" time="0.006" /><testcase classname="tests.test_performance" name="test_get_cpu_usage" time="0.004" /><testcase classname="tests.elements.test_scrollbar" name="test_scrollbar_scroll_page_backward" time="0.004" /><testcase classname="tests.test_accessibility" name="test_is_interactive" time="0.003" /><testcase classname="tests.test_accessibility" name="test_has_valid_role" time="0.004" /><testcase classname="tests.test_visual" name="test_image_similarity_threshold" time="0.004"><failure message="assert True == False">tests\test_visual.py:123: in test_image_similarity_threshold
    assert result['match'] == False
E   assert True == False</failure></testcase><testcase classname="tests.elements.test_scrollbar" name="test_scrollbar_is_at_start" time="0.004" /><testcase classname="tests.test_performance" name="test_get_memory_usage" time="0.006"><failure message="assert 1 == 104857600">tests\test_performance.py:70: in test_get_memory_usage
    assert memory_usage == memory_size
E   assert 1 == 104857600</failure></testcase><testcase classname="tests.elements.test_base" name="test_capture_screenshot_native" time="0.005" /><testcase classname="tests.test_input" name="test_double_click_success" time="0.106"><failure message="AssertionError: assert &lt;MagicMock name='mock.click_mouse()' id='2271817724512'&gt; is True&#10; +  where &lt;MagicMock name='mock.click_mouse()' id='2271817724512'&gt; = double_click(100, 200)&#10; +    where double_click = &lt;pyui_automation.input.mouse.Mouse object at 0x00000210F2E2AD20&gt;.double_click">tests\test_input.py:51: in test_double_click_success
    assert mouse.double_click(100, 200) is True
E   AssertionError: assert &lt;MagicMock name='mock.click_mouse()' id='2271817724512'&gt; is True
E    +  where &lt;MagicMock name='mock.click_mouse()' id='2271817724512'&gt; = double_click(100, 200)
E    +    where double_click = &lt;pyui_automation.input.mouse.Mouse object at 0x00000210F2E2AD20&gt;.double_click</failure></testcase><testcase classname="tests.elements.test_scrollbar" name="test_scrollbar_is_at_end" time="0.003" /><testcase classname="tests.test_accessibility" name="test_get_element_color_hex" time="0.005" /><testcase classname="tests.test_input" name="test_double_click_first_click_fails" time="0.105"><failure message="AssertionError: assert &lt;MagicMock name='mock.click_mouse()' id='2271817293392'&gt; is False&#10; +  where &lt;MagicMock name='mock.click_mouse()' id='2271817293392'&gt; = double_click(100, 200)&#10; +    where double_click = &lt;pyui_automation.input.mouse.Mouse object at 0x00000210F2E2B260&gt;.double_click">tests\test_input.py:57: in test_double_click_first_click_fails
    assert mouse.double_click(100, 200) is False
E   AssertionError: assert &lt;MagicMock name='mock.click_mouse()' id='2271817293392'&gt; is False
E    +  where &lt;MagicMock name='mock.click_mouse()' id='2271817293392'&gt; = double_click(100, 200)
E    +    where double_click = &lt;pyui_automation.input.mouse.Mouse object at 0x00000210F2E2B260&gt;.double_click</failure></testcase><testcase classname="tests.test_visual" name="test_region_of_interest" time="0.003" /><testcase classname="tests.test_visual" name="test_multiple_template_matching" time="0.004"><failure message="AssertionError: assert 15 == 3&#10; +  where 15 = len([{'confidence': 0.82971495, 'location': (20, 19)}, {'confidence': 0.8297148, 'location': (19, 20)}, {'confidence': 1.0...n': (21, 20)}, {'confidence': 0.82971495, 'location': (20, 21)}, {'confidence': 0.82971495, 'location': (40, 39)}, ...])">tests\test_visual.py:144: in test_multiple_template_matching
    assert len(locations) == 3  # Should find all three circles
E   AssertionError: assert 15 == 3
E    +  where 15 = len([{'confidence': 0.82971495, 'location': (20, 19)}, {'confidence': 0.8297148, 'location': (19, 20)}, {'confidence': 1.0...n': (21, 20)}, {'confidence': 0.82971495, 'location': (20, 21)}, {'confidence': 0.82971495, 'location': (40, 39)}, ...])</failure></testcase><testcase classname="tests.elements.test_base" name="test_capture_screenshot_fallback" time="0.007"><failure message="AssertionError: assert False&#10; +  where False = isinstance(&lt;MagicMock name='mock.capture_screenshot()' id='2953955706976'&gt;, &lt;class 'numpy.ndarray'&gt;)&#10; +    where &lt;class 'numpy.ndarray'&gt; = np.ndarray">tests\elements\test_base.py:161: in test_capture_screenshot_fallback
    assert isinstance(cropped, np.ndarray)
E   AssertionError: assert False
E    +  where False = isinstance(&lt;MagicMock name='mock.capture_screenshot()' id='2953955706976'&gt;, &lt;class 'numpy.ndarray'&gt;)
E    +    where &lt;class 'numpy.ndarray'&gt; = np.ndarray</failure></testcase><testcase classname="tests.test_session" name="test_verify_visual_state_with_differences" time="0.006"><failure message="AttributeError: Element does not support screenshot capture">tests\test_session.py:205: in test_verify_visual_state_with_differences
    result = mock_session.verify_visual_hash('test_state', mock_element)
pyui_automation\core\session.py:527: in verify_visual_hash
    raise AttributeError("Element does not support screenshot capture")
E   AttributeError: Element does not support screenshot capture</failure></testcase><testcase classname="tests.elements.test_scrollbar" name="test_scrollbar_wait_until_value" time="0.004"><failure message="AttributeError: property 'value' of 'ScrollBar' object has no setter">tests\elements\test_scrollbar.py:211: in test_scrollbar_wait_until_value
    with patch.object(scrollbar, 'value', 75.0):
C:\Program Files\Python312\Lib\unittest\mock.py:1564: in __enter__
    setattr(self.target, self.attribute, new_attr)
E   AttributeError: property 'value' of 'ScrollBar' object has no setter</failure></testcase><testcase classname="tests.test_elements" name="test_send_keys" time="0.004" /><testcase classname="tests.test_elements" name="test_get_attribute_with_attribute" time="0.004"><failure message="AssertionError: assert None == 'test_value'&#10; +  where None = get_attribute('test_attr')&#10; +    where get_attribute = &lt;pyui_automation.elements.base.UIElement object at 0x0000026A7198D340&gt;.get_attribute">tests\test_elements.py:95: in test_get_attribute_with_attribute
    assert ui_element.get_attribute("test_attr") == "test_value"
E   AssertionError: assert None == 'test_value'
E    +  where None = get_attribute('test_attr')
E    +    where get_attribute = &lt;pyui_automation.elements.base.UIElement object at 0x0000026A7198D340&gt;.get_attribute</failure></testcase><testcase classname="tests.test_performance" name="test_get_response_time" time="0.006" /><testcase classname="tests.test_performance" name="test_generate_report" time="0.566" /><testcase classname="tests.test_accessibility" name="test_get_element_color_rgb" time="0.004" /><testcase classname="tests.test_core" name="test_keyboard_input" time="0.011" /><testcase classname="tests.test_core" name="test_mouse_click" time="0.111" /><testcase classname="tests.elements.test_scrollbar" name="test_scrollbar_wait_until_at_start" time="0.004"><failure message="AttributeError: property 'value' of 'ScrollBar' object has no setter">tests\elements\test_scrollbar.py:228: in test_scrollbar_wait_until_at_start
    with patch.object(scrollbar, 'value', 0.0):
C:\Program Files\Python312\Lib\unittest\mock.py:1564: in __enter__
    setattr(self.target, self.attribute, new_attr)
E   AttributeError: property 'value' of 'ScrollBar' object has no setter</failure></testcase><testcase classname="tests.test_session" name="test_capture_baseline" time="0.007"><failure message="AttributeError: Element does not support screenshot capture">tests\test_session.py:217: in test_capture_baseline
    mock_session.capture_visual_baseline('test_baseline', mock_element)
pyui_automation\core\session.py:503: in capture_visual_baseline
    raise AttributeError("Element does not support screenshot capture")
E   AttributeError: Element does not support screenshot capture</failure></testcase><testcase classname="tests.elements.test_base" name="test_drag_and_drop" time="0.005" /><testcase classname="tests.elements.test_base" name="test_scroll_into_view_native" time="0.003" /><testcase classname="tests.test_accessibility" name="test_get_element_color_named" time="0.180"><failure message="assert (0, 255, 0) == (0, 128, 0)&#10;  &#10;  At index 1 diff: #x1B[0m#x1B[94m255#x1B[39;49;00m#x1B[90m#x1B[39;49;00m != #x1B[0m#x1B[94m128#x1B[39;49;00m#x1B[90m#x1B[39;49;00m&#10;  Use -v to get more diff">tests\test_accessibility.py:146: in test_get_element_color_named
    assert bg_color == (0, 128, 0)
E   assert (0, 255, 0) == (0, 128, 0)
E     
E     At index 1 diff: #x1B[0m#x1B[94m255#x1B[39;49;00m#x1B[90m#x1B[39;49;00m != #x1B[0m#x1B[94m128#x1B[39;49;00m#x1B[90m#x1B[39;49;00m
E     Use -v to get more diff</failure></testcase><testcase classname="tests.elements.test_base" name="test_scroll_into_view_fallback" time="0.003" /><testcase classname="tests.test_elements" name="test_get_attribute_without_attribute" time="0.003" /><testcase classname="tests.elements.test_base" name="test_wait_for_enabled_success" time="0.205" /><testcase classname="tests.test_visual" name="test_visual_tester_init" time="0.004" /><testcase classname="tests.test_elements" name="test_get_property_with_property" time="0.004"><failure message="AssertionError: assert None == 'test_value'&#10; +  where None = get_property('test_prop')&#10; +    where get_property = &lt;pyui_automation.elements.base.UIElement object at 0x0000026A5E00D790&gt;.get_property">tests\test_elements.py:106: in test_get_property_with_property
    assert ui_element.get_property("test_prop") == "test_value"
E   AssertionError: assert None == 'test_value'
E    +  where None = get_property('test_prop')
E    +    where get_property = &lt;pyui_automation.elements.base.UIElement object at 0x0000026A5E00D790&gt;.get_property</failure></testcase><testcase classname="tests.test_visual" name="test_compare_identical_images" time="0.006" /><testcase classname="tests.test_visual" name="test_compare_different_images" time="0.005" /><testcase classname="tests.test_session" name="test_capture_visual_baseline_with_element" time="0.006"><failure message="AttributeError: Element does not support screenshot capture">tests\test_session.py:227: in test_capture_visual_baseline_with_element
    mock_session.capture_visual_baseline("test_baseline", element)
pyui_automation\core\session.py:503: in capture_visual_baseline
    raise AttributeError("Element does not support screenshot capture")
E   AttributeError: Element does not support screenshot capture</failure></testcase><testcase classname="tests.test_elements" name="test_get_property_without_property" time="0.003" /><testcase classname="tests.test_visual" name="test_compare_different_sizes" time="0.004" /><testcase classname="tests.test_elements" name="test_name_with_current_name" time="0.003" /><testcase classname="tests.test_visual" name="test_verify_hash_identical_images" time="0.005" /><testcase classname="tests.test_elements" name="test_name_with_get_name" time="0.003"><failure message="AssertionError: assert &lt;MagicMock name='mock.CurrentName' id='2656175470496'&gt; == 'test_name'&#10; +  where &lt;MagicMock name='mock.CurrentName' id='2656175470496'&gt; = &lt;pyui_automation.elements.base.UIElement object at 0x0000026A706519D0&gt;.name">tests\test_elements.py:127: in test_name_with_get_name
    assert ui_element.name == "test_name"
E   AssertionError: assert &lt;MagicMock name='mock.CurrentName' id='2656175470496'&gt; == 'test_name'
E    +  where &lt;MagicMock name='mock.CurrentName' id='2656175470496'&gt; = &lt;pyui_automation.elements.base.UIElement object at 0x0000026A706519D0&gt;.name</failure></testcase><testcase classname="tests.test_visual" name="test_verify_hash_similar_images" time="0.006"><failure message="AssertionError: assert False == True&#10; +  where False = verify_hash('test_similar.png', array([[[0, 0, 0],\n        [0, 0, 0],\n        [0, 0, 0],\n        ...,\n        [0, 0, 0],\n        [0, 0, 0],\n        [0...     [0, 0, 0],\n        [0, 0, 0],\n        ...,\n        [0, 0, 0],\n        [0, 0, 0],\n        [0, 0, 0]]], dtype=uint8))&#10; +    where verify_hash = &lt;pyui_automation.core.visual.VisualTester object at 0x000001E9CAF6FC80&gt;.verify_hash">tests\test_visual.py:203: in test_verify_hash_similar_images
    assert visual_tester.verify_hash("test_similar.png", img2) == True
E   AssertionError: assert False == True
E    +  where False = verify_hash('test_similar.png', array([[[0, 0, 0],\n        [0, 0, 0],\n        [0, 0, 0],\n        ...,\n        [0, 0, 0],\n        [0, 0, 0],\n        [0...     [0, 0, 0],\n        [0, 0, 0],\n        ...,\n        [0, 0, 0],\n        [0, 0, 0],\n        [0, 0, 0]]], dtype=uint8))
E    +    where verify_hash = &lt;pyui_automation.core.visual.VisualTester object at 0x000001E9CAF6FC80&gt;.verify_hash</failure></testcase><testcase classname="tests.test_elements" name="test_name_without_name" time="0.004"><failure message="AssertionError: assert &lt;MagicMock id='2656195296912'&gt; == ''&#10; +  where &lt;MagicMock id='2656195296912'&gt; = &lt;pyui_automation.elements.base.UIElement object at 0x0000026A7193AA50&gt;.name">tests\test_elements.py:136: in test_name_without_name
    assert ui_element.name == ""
E   AssertionError: assert &lt;MagicMock id='2656195296912'&gt; == ''
E    +  where &lt;MagicMock id='2656195296912'&gt; = &lt;pyui_automation.elements.base.UIElement object at 0x0000026A7193AA50&gt;.name</failure></testcase><testcase classname="tests.test_session" name="test_capture_visual_baseline_full_screen" time="0.005"><failure message="TypeError: AutomationSession.capture_visual_baseline() missing 1 required positional argument: 'name'">tests\test_session.py:238: in test_capture_visual_baseline_full_screen
    mock_session.capture_visual_baseline("test_baseline")
E   TypeError: AutomationSession.capture_visual_baseline() missing 1 required positional argument: 'name'</failure></testcase><testcase classname="tests.elements.test_scrollbar" name="test_scrollbar_wait_until_at_end" time="0.004"><failure message="AttributeError: property 'value' of 'ScrollBar' object has no setter">tests\elements\test_scrollbar.py:242: in test_scrollbar_wait_until_at_end
    with patch.object(scrollbar, 'value', 100.0):
C:\Program Files\Python312\Lib\unittest\mock.py:1564: in __enter__
    setattr(self.target, self.attribute, new_attr)
E   AttributeError: property 'value' of 'ScrollBar' object has no setter</failure></testcase><testcase classname="tests.test_visual" name="test_verify_hash_different_images" time="0.004" /><testcase classname="tests.test_visual" name="test_calculate_phash" time="0.004"><failure message="assert False&#10; +  where False = isinstance(array([[False, False, False, False, False, False, False, False],\n       [False, False, False, False, False, False, Fal...se, False, False, False, False, False, False, False],\n       [False, False, False, False, False, False, False, False]]), str)">tests\test_visual.py:220: in test_calculate_phash
    assert isinstance(hash_value, str)
E   assert False
E    +  where False = isinstance(array([[False, False, False, False, False, False, False, False],\n       [False, False, False, False, False, False, Fal...se, False, False, False, False, False, False, False],\n       [False, False, False, False, False, False, False, False]]), str)</failure></testcase><testcase classname="tests.test_input" name="test_move_valid_coordinates" time="0.004" /><testcase classname="tests.test_elements" name="test_location_with_bounding_rectangle" time="0.004"><failure message="AssertionError: assert &lt;MagicMock na...656195388112'&gt; == (10, 20)&#10;  &#10;  Use -v to get more diff">tests\test_elements.py:143: in test_location_with_bounding_rectangle
    assert ui_element.location == (10, 20)
E   AssertionError: assert &lt;MagicMock na...656195388112'&gt; == (10, 20)
E     
E     Use -v to get more diff</failure></testcase><testcase classname="tests.test_session" name="test_config_access" time="0.008"><failure message="AssertionError: assert False&#10; +  where False = hasattr(AutomationConfig(screenshot_format='png', screenshot_quality=90, screenshot_dir=None, visual_testing_enabled=False, vi...cessibility_standards=['wcag2a', 'wcag2aa'], accessibility_output_dir=None, backend_type='windows', backend_options={}), 'timeout')&#10; +    where AutomationConfig(screenshot_format='png', screenshot_quality=90, screenshot_dir=None, visual_testing_enabled=False, vi...cessibility_standards=['wcag2a', 'wcag2aa'], accessibility_output_dir=None, backend_type='windows', backend_options={}) = &lt;pyui_automation.core.session.AutomationSession object at 0x0000025CE3D77770&gt;.config">tests\test_session.py:247: in test_config_access
    assert hasattr(mock_session.config, 'timeout')
E   AssertionError: assert False
E    +  where False = hasattr(AutomationConfig(screenshot_format='png', screenshot_quality=90, screenshot_dir=None, visual_testing_enabled=False, vi...cessibility_standards=['wcag2a', 'wcag2aa'], accessibility_output_dir=None, backend_type='windows', backend_options={}), 'timeout')
E    +    where AutomationConfig(screenshot_format='png', screenshot_quality=90, screenshot_dir=None, visual_testing_enabled=False, vi...cessibility_standards=['wcag2a', 'wcag2aa'], accessibility_output_dir=None, backend_type='windows', backend_options={}) = &lt;pyui_automation.core.session.AutomationSession object at 0x0000025CE3D77770&gt;.config</failure></testcase><testcase classname="tests.test_input" name="test_move_invalid_coordinates" time="0.003" /><testcase classname="tests.test_input" name="test_drag_success" time="0.305" /><testcase classname="tests.test_elements" name="test_size_with_bounding_rectangle" time="0.004"><failure message="AssertionError: assert &lt;MagicMock na...656195450624'&gt; == (100, 100)&#10;  &#10;  Use -v to get more diff">tests\test_elements.py:150: in test_size_with_bounding_rectangle
    assert ui_element.size == (100, 100)
E   AssertionError: assert &lt;MagicMock na...656195450624'&gt; == (100, 100)
E     
E     Use -v to get more diff</failure></testcase><testcase classname="tests.test_visual" name="test_compare_images_with_resize" time="0.002" /><testcase classname="tests.test_visual" name="test_compare_images_different_content" time="0.002" /><testcase classname="tests.test_session" name="test_component_access" time="0.007"><failure message="AttributeError: OCR not supported by backend">tests\test_session.py:255: in test_component_access
    assert mock_session.ocr is not None
pyui_automation\core\session.py:589: in ocr
    raise AttributeError('OCR not supported by backend')
E   AttributeError: OCR not supported by backend</failure></testcase><testcase classname="tests.test_visual" name="test_visual_difference_dataclass" time="0.002" /><testcase classname="tests.test_visual" name="test_generate_visual_report_with_empty_differences" time="0.005"><failure message="AssertionError: assert False&#10; +  where False = exists()&#10; +    where exists = WindowsPath('C:/Users/xella/CascadeProjects/windsurf-project/pyui_automation/pytest_temp/popen-gw3/test_generate_visual_report_wi0/empty_report.html').exists">tests\test_visual.py:261: in test_generate_visual_report_with_empty_differences
    assert report_path.exists()
E   AssertionError: assert False
E    +  where False = exists()
E    +    where exists = WindowsPath('C:/Users/xella/CascadeProjects/windsurf-project/pyui_automation/pytest_temp/popen-gw3/test_generate_visual_report_wi0/empty_report.html').exists</failure></testcase><testcase classname="tests.test_core" name="test_wait_until" time="0.009"><failure message="AssertionError: assert &lt;MagicMock name='mock.wait_until()' id='2072442208128'&gt; is True">tests\test_core.py:136: in test_wait_until
    assert result is True
E   AssertionError: assert &lt;MagicMock name='mock.wait_until()' id='2072442208128'&gt; is True</failure></testcase><testcase classname="tests.test_elements" name="test_enabled_with_current_is_enabled" time="0.003"><failure message="assert is_enabled is True&#10; +  where is_enabled = &lt;pyui_automation.elements.base.UIElement object at 0x0000026A7196E4E0&gt;.is_enabled">tests\test_elements.py:157: in test_enabled_with_current_is_enabled
    assert ui_element.is_enabled is True
E   assert is_enabled is True
E    +  where is_enabled = &lt;pyui_automation.elements.base.UIElement object at 0x0000026A7196E4E0&gt;.is_enabled</failure></testcase><testcase classname="tests.test_visual" name="test_generate_visual_report_with_differences" time="0.005"><failure message="AssertionError: assert False&#10; +  where False = exists()&#10; +    where exists = WindowsPath('C:/Users/xella/CascadeProjects/windsurf-project/pyui_automation/pytest_temp/popen-gw3/test_generate_visual_report_wi1/diff_report.html').exists">tests\test_visual.py:282: in test_generate_visual_report_with_differences
    assert report_path.exists()
E   AssertionError: assert False
E    +  where False = exists()
E    +    where exists = WindowsPath('C:/Users/xella/CascadeProjects/windsurf-project/pyui_automation/pytest_temp/popen-gw3/test_generate_visual_report_wi1/diff_report.html').exists</failure></testcase><testcase classname="tests.test_elements" name="test_visible_with_current_is_offscreen" time="0.003" /><testcase classname="tests.test_session" name="test_backend_property" time="0.006" /><testcase classname="tests.backends.test_game_backend" name="test_connect[Windows-True]" time="0.009"><failure message="AssertionError: assert False == True&#10; +  where False = connect('Test Game Window')&#10; +    where connect = &lt;tests.backends.test_game_backend.MockGameBackend object at 0x00000232F240F350&gt;.connect">tests\backends\test_game_backend.py:176: in test_connect
    assert game_backend.connect("Test Game Window") == expected
E   AssertionError: assert False == True
E    +  where False = connect('Test Game Window')
E    +    where connect = &lt;tests.backends.test_game_backend.MockGameBackend object at 0x00000232F240F350&gt;.connect</failure></testcase><testcase classname="tests.test_elements" name="test_click_disabled_element" time="0.003" /><testcase classname="tests.test_elements" name="test_click_invisible_element" time="0.003" /><testcase classname="tests.test_session" name="test_find_element_strategies[id-test-id]" time="0.006" /><testcase classname="tests.test_core" name="test_init_visual_testing" time="0.012" /><testcase classname="tests.test_elements" name="test_type_text_with_interval" time="0.004" /><testcase classname="tests.test_session" name="test_find_element_strategies[name-test-name]" time="0.006" /><testcase classname="tests.test_elements" name="test_clear_with_clear_method" time="0.003" /><testcase classname="tests.test_visual" name="test_capture_baseline_with_invalid_image" time="0.005" /><testcase classname="tests.test_elements" name="test_clear_without_clear_method" time="0.005"><failure message="AssertionError: assert False&#10; +  where False = &lt;MagicMock name='mock.keyboard.press_keys' id='2656195628688'&gt;.called&#10; +    where &lt;MagicMock name='mock.keyboard.press_keys' id='2656195628688'&gt; = &lt;MagicMock name='mock.keyboard' id='2656195504384'&gt;.press_keys&#10; +      where &lt;MagicMock name='mock.keyboard' id='2656195504384'&gt; = &lt;MagicMock id='2656195506784'&gt;.keyboard">tests\test_elements.py:209: in test_clear_without_clear_method
    assert mock_automation.keyboard.press_keys.called
E   AssertionError: assert False
E    +  where False = &lt;MagicMock name='mock.keyboard.press_keys' id='2656195628688'&gt;.called
E    +    where &lt;MagicMock name='mock.keyboard.press_keys' id='2656195628688'&gt; = &lt;MagicMock name='mock.keyboard' id='2656195504384'&gt;.press_keys
E    +      where &lt;MagicMock name='mock.keyboard' id='2656195504384'&gt; = &lt;MagicMock id='2656195506784'&gt;.keyboard</failure></testcase><testcase classname="tests.backends.test_game_backend" name="test_connect[Darwin-True]" time="0.004" /><testcase classname="tests.test_core" name="test_capture_visual_baseline" time="0.012"><failure message="NameError: name 'os' is not defined. Did you forget to import 'os'">tests\test_core.py:147: in test_capture_visual_baseline
    result = ui_automation.capture_visual_baseline(element, "test")
pyui_automation\core\session.py:506: in capture_visual_baseline
    baseline_path = os.path.join(self._visual_test_dir, f"{name}_baseline.png")
E   NameError: name 'os' is not defined. Did you forget to import 'os'</failure></testcase><testcase classname="tests.test_session" name="test_find_element_strategies[class-test-class]" time="0.007" /><testcase classname="tests.test_visual" name="test_capture_baseline_with_empty_name" time="0.006" /><testcase classname="tests.backends.test_game_backend" name="test_connect[Linux-True]" time="0.004"><failure message="AssertionError: assert False == True&#10; +  where False = connect('Test Game Window')&#10; +    where connect = &lt;tests.backends.test_game_backend.MockGameBackend object at 0x00000232F2435AF0&gt;.connect">tests\backends\test_game_backend.py:176: in test_connect
    assert game_backend.connect("Test Game Window") == expected
E   AssertionError: assert False == True
E    +  where False = connect('Test Game Window')
E    +    where connect = &lt;tests.backends.test_game_backend.MockGameBackend object at 0x00000232F2435AF0&gt;.connect</failure></testcase><testcase classname="tests.test_session" name="test_find_element_strategies[xpath-//div[@id=&quot;test&quot;]]" time="0.006" /><testcase classname="tests.test_visual" name="test_verify_hash_with_invalid_images" time="0.005" /><testcase classname="tests.test_elements" name="test_get_click_point" time="0.006"><failure message="AssertionError: assert &lt;MagicMock name='mock.location.__getitem__().__add__()' id='2656195382016'&gt; == 60">tests\test_elements.py:217: in test_get_click_point
    assert x == 60  # center x: 10 + (110-10)/2
E   AssertionError: assert &lt;MagicMock name='mock.location.__getitem__().__add__()' id='2656195382016'&gt; == 60</failure></testcase><testcase classname="tests.test_visual" name="test_compare_with_invalid_images" time="0.005" /><testcase classname="tests.test_session" name="test_session_cleanup" time="0.009" /><testcase classname="tests.backends.test_game_backend" name="test_connect_failure" time="0.003" /><testcase classname="tests.test_visual" name="test_calculate_phash_with_invalid_image" time="0.004" /><testcase classname="tests.test_session" name="test_start_performance_monitoring" time="0.006" /><testcase classname="tests.backends.test_game_backend" name="test_capture_screen_with_region" time="0.003"><failure message="TypeError: GameBackend.capture_screen() takes 1 positional argument but 2 were given">tests\backends\test_game_backend.py:188: in test_capture_screen_with_region
    screenshot = game_backend.capture_screen(region)
E   TypeError: GameBackend.capture_screen() takes 1 positional argument but 2 were given</failure></testcase><testcase classname="tests.test_visual" name="test_compare_with_threshold_adjustment" time="0.006" /><testcase classname="tests.test_accessibility" name="test_get_luminance" time="0.002" /><testcase classname="tests.test_accessibility" name="test_check_element_edge_cases" time="0.003" /><testcase classname="tests.backends.test_windows" name="test_init_success" time="0.006"><failure message="TypeError: Can't instantiate abstract class WindowsBackend without an implementation for abstract methods 'attach_to_application', 'close_application', 'close_window', 'generate_accessibility_report', 'get_application', 'get_element_pattern', 'get_element_rect', 'get_element_state', 'get_element_value', 'get_window_bounds', 'invoke_element_pattern_method', 'launch_application', 'press_key', 'release_key', 'resize_window', 'scroll_element', 'send_keys', 'set_element_property', 'set_element_text', 'set_element_value', 'set_window_position', 'wait_for_element', 'wait_for_element_property', 'wait_for_element_state'">tests\backends\test_windows.py:186: in test_init_success
    backend = WindowsBackend()
E   TypeError: Can't instantiate abstract class WindowsBackend without an implementation for abstract methods 'attach_to_application', 'close_application', 'close_window', 'generate_accessibility_report', 'get_application', 'get_element_pattern', 'get_element_rect', 'get_element_state', 'get_element_value', 'get_window_bounds', 'invoke_element_pattern_method', 'launch_application', 'press_key', 'release_key', 'resize_window', 'scroll_element', 'send_keys', 'set_element_property', 'set_element_text', 'set_element_value', 'set_window_position', 'wait_for_element', 'wait_for_element_property', 'wait_for_element_state'</failure></testcase><testcase classname="tests.test_elements" name="test_drag_and_drop" time="0.004"><failure message="ValueError: not enough values to unpack (expected 2, got 0)">tests\test_elements.py:226: in test_drag_and_drop
    ui_element.drag_and_drop(target_element)
pyui_automation\elements\base.py:275: in drag_and_drop
    target_x, target_y = target._get_click_point()
E   ValueError: not enough values to unpack (expected 2, got 0)</failure></testcase><testcase classname="tests.test_visual" name="test_baseline_dir_creation" time="0.005" /><testcase classname="tests.test_accessibility" name="test_check_application_empty" time="0.003" /><testcase classname="tests.test_core" name="test_compare_visual" time="0.011"><failure message="NameError: name 'os' is not defined. Did you forget to import 'os'">tests\test_core.py:154: in test_compare_visual
    result, diff = ui_automation.compare_visual(element, "test")
pyui_automation\core\session.py:516: in compare_visual
    baseline_path = os.path.join(self._visual_test_dir, f"{name}_baseline.png")
E   NameError: name 'os' is not defined. Did you forget to import 'os'</failure></testcase><testcase classname="tests.backends.test_game_backend" name="test_capture_screen_without_region" time="0.003"><failure message="AssertionError: assert False&#10; +  where False = isinstance(None, &lt;class 'numpy.ndarray'&gt;)&#10; +    where &lt;class 'numpy.ndarray'&gt; = np.ndarray">tests\backends\test_game_backend.py:196: in test_capture_screen_without_region
    assert isinstance(screenshot, np.ndarray)
E   AssertionError: assert False
E    +  where False = isinstance(None, &lt;class 'numpy.ndarray'&gt;)
E    +    where &lt;class 'numpy.ndarray'&gt; = np.ndarray</failure></testcase><testcase classname="tests.test_visual" name="test_compare_with_color_images" time="0.005" /><testcase classname="tests.test_accessibility" name="test_check_application_no_root" time="0.002" /><testcase classname="tests.test_accessibility" name="test_generate_report_no_violations" time="0.004" /><testcase classname="tests.test_visual" name="test_phash_with_rotated_image" time="0.004"><failure message="assert not True&#10; +  where True = &lt;function array_equal at 0x000001E9B71C57B0&gt;(array([[False, False, False, False, False, False, False, False],\n       [False, False, False, False, False, False, Fal...se, False, False, False, False, False, False, False],\n       [False, False, False, False, False, False, False, False]]), array([[False, False, False, False, False, False, False, False],\n       [False, False, False, False, False, False, Fal...se, False, False, False, False, False, False, False],\n       [False, False, False, False, False, False, False, False]]))&#10; +    where &lt;function array_equal at 0x000001E9B71C57B0&gt; = np.array_equal">tests\test_visual.py:367: in test_phash_with_rotated_image
    assert not np.array_equal(hash1, hash2)  # Hashes should be different for rotated image
E   assert not True
E    +  where True = &lt;function array_equal at 0x000001E9B71C57B0&gt;(array([[False, False, False, False, False, False, False, False],\n       [False, False, False, False, False, False, Fal...se, False, False, False, False, False, False, False],\n       [False, False, False, False, False, False, False, False]]), array([[False, False, False, False, False, False, False, False],\n       [False, False, False, False, False, False, Fal...se, False, False, False, False, False, False, False],\n       [False, False, False, False, False, False, False, False]]))
E    +    where &lt;function array_equal at 0x000001E9B71C57B0&gt; = np.array_equal</failure></testcase><testcase classname="tests.test_accessibility" name="test_color_parsing_errors" time="0.004"><failure message="assert None == (0, 0, 0)">tests\test_accessibility.py:202: in test_color_parsing_errors
    assert color == (0, 0, 0)  # Default to black
E   assert None == (0, 0, 0)</failure></testcase><testcase classname="tests.backends.test_game_backend" name="test_capture_screen_failure" time="0.003" /><testcase classname="tests.backends.test_windows" name="test_init_failure" time="0.005"><failure message="TypeError: Can't instantiate abstract class WindowsBackend without an implementation for abstract methods 'attach_to_application', 'close_application', 'close_window', 'generate_accessibility_report', 'get_application', 'get_element_pattern', 'get_element_rect', 'get_element_state', 'get_element_value', 'get_window_bounds', 'invoke_element_pattern_method', 'launch_application', 'press_key', 'release_key', 'resize_window', 'scroll_element', 'send_keys', 'set_element_property', 'set_element_text', 'set_element_value', 'set_window_position', 'wait_for_element', 'wait_for_element_property', 'wait_for_element_state'">tests\backends\test_windows.py:195: in test_init_failure
    WindowsBackend()
E   TypeError: Can't instantiate abstract class WindowsBackend without an implementation for abstract methods 'attach_to_application', 'close_application', 'close_window', 'generate_accessibility_report', 'get_application', 'get_element_pattern', 'get_element_rect', 'get_element_state', 'get_element_value', 'get_window_bounds', 'invoke_element_pattern_method', 'launch_application', 'press_key', 'release_key', 'resize_window', 'scroll_element', 'send_keys', 'set_element_property', 'set_element_text', 'set_element_value', 'set_window_position', 'wait_for_element', 'wait_for_element_property', 'wait_for_element_state'</failure></testcase><testcase classname="tests.test_elements" name="test_scroll_into_view" time="0.005" /><testcase classname="tests.backends.test_game_backend" name="test_find_element_success" time="0.004"><failure message="TypeError: GameBackend.find_element() got an unexpected keyword argument 'by'">tests\backends\test_game_backend.py:210: in test_find_element_success
    element = game_backend.find_element(by="image", value="button.png")
E   TypeError: GameBackend.find_element() got an unexpected keyword argument 'by'</failure></testcase><testcase classname="tests.elements.test_base" name="test_wait_for_enabled_timeout" time="0.104" /><testcase classname="tests.test_elements" name="test_wait_for_enabled" time="0.003" /><testcase classname="tests.test_accessibility" name="test_contrast_ratio_edge_cases" time="0.002" /><testcase classname="tests.test_elements" name="test_wait_for_visible" time="0.004" /><testcase classname="tests.test_accessibility" name="test_luminance_calculation_errors" time="0.002"><failure message="assert 0 &lt;= -6.452983670248286e-05">tests\test_accessibility.py:251: in test_luminance_calculation_errors
    assert 0 &lt;= luminance &lt;= 1
E   assert 0 &lt;= -6.452983670248286e-05</failure></testcase><testcase classname="tests.elements.test_accordion" name="test_panel_init" time="0.006" /><testcase classname="tests.test_elements" name="test_get_parent" time="0.004" /><testcase classname="tests.backends.test_game_backend" name="test_find_element_not_found" time="0.003"><failure message="TypeError: GameBackend.find_element() got an unexpected keyword argument 'by'">tests\backends\test_game_backend.py:217: in test_find_element_not_found
    element = game_backend.find_element(by="image", value="nonexistent.png")
E   TypeError: GameBackend.find_element() got an unexpected keyword argument 'by'</failure></testcase><testcase classname="tests.elements.test_accordion" name="test_panel_header_text" time="0.004" /><testcase classname="tests.test_elements" name="test_get_children" time="0.003" /><testcase classname="tests.test_core" name="test_verify_visual_hash" time="0.012"><failure message="NameError: name 'os' is not defined. Did you forget to import 'os'">tests\test_core.py:162: in test_verify_visual_hash
    result = ui_automation.verify_visual_hash(element, "test")
pyui_automation\core\session.py:530: in verify_visual_hash
    baseline_path = os.path.join(self._visual_test_dir, f"{name}_baseline.png")
E   NameError: name 'os' is not defined. Did you forget to import 'os'</failure></testcase><testcase classname="tests.backends.test_windows" name="test_find_element_by_id" time="0.006"><failure message="AssertionError: assert &lt;MagicMock name='mock.CurrentAutomationId' id='2597982866368'&gt; == 'TestId'&#10; +  where &lt;MagicMock name='mock.CurrentAutomationId' id='2597982866368'&gt; = &lt;MagicMock id='2597982870976'&gt;.CurrentAutomationId">tests\backends\test_windows.py:205: in test_find_element_by_id
    assert element.CurrentAutomationId == 'TestId'
E   AssertionError: assert &lt;MagicMock name='mock.CurrentAutomationId' id='2597982866368'&gt; == 'TestId'
E    +  where &lt;MagicMock name='mock.CurrentAutomationId' id='2597982866368'&gt; = &lt;MagicMock id='2597982870976'&gt;.CurrentAutomationId</failure></testcase><testcase classname="tests.test_elements" name="test_find_element" time="0.004" /><testcase classname="tests.elements.test_accordion" name="test_panel_content_text" time="0.004" /><testcase classname="tests.test_accessibility" name="test_check_element_exception_handling" time="0.004" /><testcase classname="tests.elements.test_accordion" name="test_panel_is_expanded" time="0.004" /><testcase classname="tests.test_elements" name="test_find_elements" time="0.005" /><testcase classname="tests.backends.test_game_backend" name="test_find_element_with_region" time="0.003"><failure message="TypeError: GameBackend.find_element() got an unexpected keyword argument 'by'">tests\backends\test_game_backend.py:226: in test_find_element_with_region
    element = game_backend.find_element(by="image", value="button.png", region=region)
E   TypeError: GameBackend.find_element() got an unexpected keyword argument 'by'</failure></testcase><testcase classname="tests.test_accessibility" name="test_check_application_with_automation" time="0.004"><failure message="assert 0 &gt; 0&#10; +  where 0 = len([])&#10; +    where [] = &lt;pyui_automation.accessibility.AccessibilityChecker object at 0x000001B3079EBE60&gt;.violations">tests\test_accessibility.py:278: in test_check_application_with_automation
    assert len(checker.violations) &gt; 0
E   assert 0 &gt; 0
E    +  where 0 = len([])
E    +    where [] = &lt;pyui_automation.accessibility.AccessibilityChecker object at 0x000001B3079EBE60&gt;.violations</failure></testcase><testcase classname="tests.elements.test_accordion" name="test_panel_expand" time="0.005"><failure message="AssertionError: Expected 'click' to have been called once. Called 0 times.">C:\Program Files\Python312\Lib\unittest\mock.py:923: in assert_called_once
    raise AssertionError(msg)
E   AssertionError: Expected 'click' to have been called once. Called 0 times.

During handling of the above exception, another exception occurred:
tests\elements\test_accordion.py:90: in test_panel_expand
    mock_header.click.assert_called_once()
E   AssertionError: Expected 'click' to have been called once. Called 0 times.</failure></testcase><testcase classname="tests.test_elements" name="test_element_screenshot" time="0.004"><failure message="AssertionError: assert &lt;MagicMock na...656195680624'&gt; == b'fake_image_data'&#10;  &#10;  Use -v to get more diff">tests\test_elements.py:305: in test_element_screenshot
    assert screenshot_data == b"fake_image_data"
E   AssertionError: assert &lt;MagicMock na...656195680624'&gt; == b'fake_image_data'
E     
E     Use -v to get more diff</failure></testcase><testcase classname="tests.backends.test_windows" name="test_find_element_by_name" time="0.007"><failure message="AssertionError: assert &lt;MagicMock name='mock.CurrentName' id='2597982781712'&gt; == 'Test Element'&#10; +  where &lt;MagicMock name='mock.CurrentName' id='2597982781712'&gt; = &lt;MagicMock id='2597982791696'&gt;.CurrentName">tests\backends\test_windows.py:215: in test_find_element_by_name
    assert element.CurrentName == 'Test Element'
E   AssertionError: assert &lt;MagicMock name='mock.CurrentName' id='2597982781712'&gt; == 'Test Element'
E    +  where &lt;MagicMock name='mock.CurrentName' id='2597982781712'&gt; = &lt;MagicMock id='2597982791696'&gt;.CurrentName</failure></testcase><testcase classname="tests.backends.test_game_backend" name="test_find_element_screen_capture_failure" time="0.003"><failure message="TypeError: GameBackend.find_element() got an unexpected keyword argument 'by'">tests\backends\test_game_backend.py:234: in test_find_element_screen_capture_failure
    element = game_backend.find_element(by="image", value="button.png")
E   TypeError: GameBackend.find_element() got an unexpected keyword argument 'by'</failure></testcase><testcase classname="tests.test_accessibility" name="test_generate_report_element_attributes" time="0.008"><failure message="AssertionError: assert 'test-id' in '\n        &lt;html&gt;\n        &lt;head&gt;\n            &lt;title&gt;Accessibility Report&lt;/title&gt;\n            &lt;style&gt;\n             ...scriptive alt text to the image&lt;/em&gt;&lt;/p&gt;\n            &lt;/div&gt;\n            \n        &lt;/body&gt;\n        &lt;/html&gt;\n        '">tests\test_accessibility.py:302: in test_generate_report_element_attributes
    assert "test-id" in content
E   AssertionError: assert 'test-id' in '\n        &lt;html&gt;\n        &lt;head&gt;\n            &lt;title&gt;Accessibility Report&lt;/title&gt;\n            &lt;style&gt;\n             ...scriptive alt text to the image&lt;/em&gt;&lt;/p&gt;\n            &lt;/div&gt;\n            \n        &lt;/body&gt;\n        &lt;/html&gt;\n        '</failure></testcase><testcase classname="tests.test_elements" name="test_element_attributes" time="0.003" /><testcase classname="tests.test_elements" name="test_element_properties" time="0.003" /><testcase classname="tests.test_core" name="test_launch_application" time="1.013"><failure message="RuntimeError: Failed to launch application: Process failed to start (exit code: &lt;MagicMock name='Popen().poll()' id='2072443541872'&gt;)">pyui_automation\application.py:96: in launch
    raise RuntimeError(f"Process failed to start (exit code: {process.poll()})")
E   RuntimeError: Process failed to start (exit code: &lt;MagicMock name='Popen().poll()' id='2072443541872'&gt;)

During handling of the above exception, another exception occurred:
tests\test_core.py:174: in test_launch_application
    app = ui_automation.launch_application("test.exe")
pyui_automation\core\session.py:613: in launch_application
    app.launch(path=Path(path), args=args_list, **kwargs)
pyui_automation\application.py:114: in launch
    raise RuntimeError(f"Failed to launch application: {str(e)}")
E   RuntimeError: Failed to launch application: Process failed to start (exit code: &lt;MagicMock name='Popen().poll()' id='2072443541872'&gt;)</failure></testcase><testcase classname="tests.backends.test_game_backend" name="test_init" time="0.003"><failure message="AttributeError: 'MockGameBackend' object has no attribute 'window_title'. Did you mean: 'get_window_title'?">tests\backends\test_game_backend.py:240: in test_init
    assert game_backend.window_title is None
E   AttributeError: 'MockGameBackend' object has no attribute 'window_title'. Did you mean: 'get_window_title'?</failure></testcase><testcase classname="tests.test_elements" name="test_element_rect" time="0.183"><failure message="AssertionError: assert {'height': 10...: 10, 'y': 20} == {'height': 50...: 10, 'y': 20}&#10;  &#10;  Omitting 3 identical items, use -vv to show&#10;  Differing items:&#10;  #x1B[0m{#x1B[33m'#x1B[39;49;00m#x1B[33mheight#x1B[39;49;00m#x1B[33m'#x1B[39;49;00m: #x1B[94m100#x1B[39;49;00m}#x1B[90m#x1B[39;49;00m != #x1B[0m{#x1B[33m'#x1B[39;49;00m#x1B[33mheight#x1B[39;49;00m#x1B[33m'#x1B[39;49;00m: #x1B[94m50#x1B[39;49;00m}#x1B[90m#x1B[39;49;00m&#10;  Use -v to get more diff">tests\test_elements.py:345: in test_element_rect
    assert rect == {'x': 10, 'y': 20, 'width': 100, 'height': 50}
E   AssertionError: assert {'height': 10...: 10, 'y': 20} == {'height': 50...: 10, 'y': 20}
E     
E     Omitting 3 identical items, use -vv to show
E     Differing items:
E     #x1B[0m{#x1B[33m'#x1B[39;49;00m#x1B[33mheight#x1B[39;49;00m#x1B[33m'#x1B[39;49;00m: #x1B[94m100#x1B[39;49;00m}#x1B[90m#x1B[39;49;00m != #x1B[0m{#x1B[33m'#x1B[39;49;00m#x1B[33mheight#x1B[39;49;00m#x1B[33m'#x1B[39;49;00m: #x1B[94m50#x1B[39;49;00m}#x1B[90m#x1B[39;49;00m
E     Use -v to get more diff</failure></testcase><testcase classname="tests.elements.test_listview" name="test_item_init" time="0.005" /><testcase classname="tests.backends.test_windows" name="test_find_element_by_class" time="0.006"><failure message="AssertionError: assert &lt;MagicMock name='mock.CurrentClassName' id='2597982879520'&gt; == 'TestClass'&#10; +  where &lt;MagicMock name='mock.CurrentClassName' id='2597982879520'&gt; = &lt;MagicMock id='2597982865216'&gt;.CurrentClassName">tests\backends\test_windows.py:225: in test_find_element_by_class
    assert element.CurrentClassName == 'TestClass'
E   AssertionError: assert &lt;MagicMock name='mock.CurrentClassName' id='2597982879520'&gt; == 'TestClass'
E    +  where &lt;MagicMock name='mock.CurrentClassName' id='2597982879520'&gt; = &lt;MagicMock id='2597982865216'&gt;.CurrentClassName</failure></testcase><testcase classname="tests.elements.test_listview" name="test_item_text" time="0.004" /><testcase classname="tests.elements.test_listview" name="test_item_is_selected" time="0.006" /><testcase classname="tests.backends.test_game_backend" name="test_connect_original[Windows-True]" time="0.004"><failure message="assert False == True">tests\backends\test_game_backend.py:253: in test_connect_original
    assert result == expected
E   assert False == True</failure></testcase><testcase classname="tests.elements.test_listview" name="test_item_index" time="0.005" /><testcase classname="tests.elements.test_listview" name="test_item_select_when_not_selected" time="0.004" /><testcase classname="tests.backends.test_windows" name="test_find_elements_by_class" time="0.007"><failure message="AssertionError: assert 1 == 2&#10; +  where 1 = len([&lt;MagicMock id='2597984071424'&gt;])">tests\backends\test_windows.py:237: in test_find_elements_by_class
    assert len(elements) == 2
E   AssertionError: assert 1 == 2
E    +  where 1 = len([&lt;MagicMock id='2597984071424'&gt;])</failure></testcase><testcase classname="tests.elements.test_listview" name="test_item_select_when_already_selected" time="0.004" /><testcase classname="tests.backends.test_game_backend" name="test_connect_original[Darwin-True]" time="0.003" /><testcase classname="tests.elements.test_base" name="test_wait_for_visible_success" time="0.205" /><testcase classname="tests.elements.test_listview" name="test_item_wait_until_selected" time="0.004"><failure message="AttributeError: property 'is_selected' of 'ListViewItem' object has no setter">tests\elements\test_listview.py:111: in test_item_wait_until_selected
    with patch.object(listview_item, 'is_selected', True):
C:\Program Files\Python312\Lib\unittest\mock.py:1564: in __enter__
    setattr(self.target, self.attribute, new_attr)
E   AttributeError: property 'is_selected' of 'ListViewItem' object has no setter</failure></testcase><testcase classname="tests.backends.test_game_backend" name="test_connect_original[Linux-True]" time="0.004"><failure message="assert False == True">tests\backends\test_game_backend.py:253: in test_connect_original
    assert result == expected
E   assert False == True</failure></testcase><testcase classname="tests.elements.test_accordion" name="test_panel_collapse" time="0.004"><failure message="AssertionError: Expected 'click' to have been called once. Called 0 times.">C:\Program Files\Python312\Lib\unittest\mock.py:923: in assert_called_once
    raise AssertionError(msg)
E   AssertionError: Expected 'click' to have been called once. Called 0 times.

During handling of the above exception, another exception occurred:
tests\elements\test_accordion.py:99: in test_panel_collapse
    mock_header.click.assert_called_once()
E   AssertionError: Expected 'click' to have been called once. Called 0 times.</failure></testcase><testcase classname="tests.backends.test_windows" name="test_get_active_window_basic" time="0.007"><failure message="AssertionError: assert &lt;MagicMock id='2597984203264'&gt; == &lt;MagicMock na...597982423472'&gt;&#10;  &#10;  Use -v to get more diff">tests\backends\test_windows.py:248: in test_get_active_window_basic
    assert window == mock_element
E   AssertionError: assert &lt;MagicMock id='2597984203264'&gt; == &lt;MagicMock na...597982423472'&gt;
E     
E     Use -v to get more diff</failure></testcase><testcase classname="tests.backends.test_game_backend" name="test_connect_failure_original" time="0.003" /><testcase classname="tests.backends.test_game_backend" name="test_capture_screen_with_region_original" time="0.002"><error message="failed on setup with &quot;file C:\Users\xella\CascadeProjects\windsurf-project\pyui_automation\tests\backends\test_game_backend.py, line 271&#10;  def test_capture_screen_with_region_original(game_backend, mock_screenshot):&#10;E       fixture 'mock_screenshot' not found&#10;&gt;       available fixtures: _worker_tmp, accessibility_checker, anyio_backend, anyio_backend_name, anyio_backend_options, cache, capfd, capfdbinary, caplog, capsys, capsysbinary, class_mocker, cov, doctest_namespace, extra, extras, game_backend, include_metadata_in_junit_xml, is_master, metadata, mock_application, mock_automation, mock_backend, mock_element, mock_element_with_current, mock_element_with_get, mock_os_module, mock_performance_data, mock_process, mock_session, mocker, module_mocker, monkeypatch, no_cover, package_mocker, performance_monitor, pytestconfig, record_property, record_testsuite_property, record_xml_attribute, recwarn, session_mocker, setup_reporting, temp_dir, testrun_uid, tmp_path, tmp_path_factory, tmpdir, tmpdir_factory, ui_automation, worker_id, worker_tmpdir&#10;&gt;       use 'pytest --fixtures [testpath]' for help on them.&#10;&#10;C:\Users\xella\CascadeProjects\windsurf-project\pyui_automation\tests\backends\test_game_backend.py:271&quot;">file C:\Users\xella\CascadeProjects\windsurf-project\pyui_automation\tests\backends\test_game_backend.py, line 271
  def test_capture_screen_with_region_original(game_backend, mock_screenshot):
E       fixture 'mock_screenshot' not found
&gt;       available fixtures: _worker_tmp, accessibility_checker, anyio_backend, anyio_backend_name, anyio_backend_options, cache, capfd, capfdbinary, caplog, capsys, capsysbinary, class_mocker, cov, doctest_namespace, extra, extras, game_backend, include_metadata_in_junit_xml, is_master, metadata, mock_application, mock_automation, mock_backend, mock_element, mock_element_with_current, mock_element_with_get, mock_os_module, mock_performance_data, mock_process, mock_session, mocker, module_mocker, monkeypatch, no_cover, package_mocker, performance_monitor, pytestconfig, record_property, record_testsuite_property, record_xml_attribute, recwarn, session_mocker, setup_reporting, temp_dir, testrun_uid, tmp_path, tmp_path_factory, tmpdir, tmpdir_factory, ui_automation, worker_id, worker_tmpdir
&gt;       use 'pytest --fixtures [testpath]' for help on them.

C:\Users\xella\CascadeProjects\windsurf-project\pyui_automation\tests\backends\test_game_backend.py:271</error></testcase><testcase classname="tests.backends.test_game_backend" name="test_capture_screen_without_region_original" time="0.003"><error message="failed on setup with &quot;file C:\Users\xella\CascadeProjects\windsurf-project\pyui_automation\tests\backends\test_game_backend.py, line 279&#10;  def test_capture_screen_without_region_original(game_backend, mock_screenshot):&#10;E       fixture 'mock_screenshot' not found&#10;&gt;       available fixtures: _worker_tmp, accessibility_checker, anyio_backend, anyio_backend_name, anyio_backend_options, cache, capfd, capfdbinary, caplog, capsys, capsysbinary, class_mocker, cov, doctest_namespace, extra, extras, game_backend, include_metadata_in_junit_xml, is_master, metadata, mock_application, mock_automation, mock_backend, mock_element, mock_element_with_current, mock_element_with_get, mock_os_module, mock_performance_data, mock_process, mock_session, mocker, module_mocker, monkeypatch, no_cover, package_mocker, performance_monitor, pytestconfig, record_property, record_testsuite_property, record_xml_attribute, recwarn, session_mocker, setup_reporting, temp_dir, testrun_uid, tmp_path, tmp_path_factory, tmpdir, tmpdir_factory, ui_automation, worker_id, worker_tmpdir&#10;&gt;       use 'pytest --fixtures [testpath]' for help on them.&#10;&#10;C:\Users\xella\CascadeProjects\windsurf-project\pyui_automation\tests\backends\test_game_backend.py:279&quot;">file C:\Users\xella\CascadeProjects\windsurf-project\pyui_automation\tests\backends\test_game_backend.py, line 279
  def test_capture_screen_without_region_original(game_backend, mock_screenshot):
E       fixture 'mock_screenshot' not found
&gt;       available fixtures: _worker_tmp, accessibility_checker, anyio_backend, anyio_backend_name, anyio_backend_options, cache, capfd, capfdbinary, caplog, capsys, capsysbinary, class_mocker, cov, doctest_namespace, extra, extras, game_backend, include_metadata_in_junit_xml, is_master, metadata, mock_application, mock_automation, mock_backend, mock_element, mock_element_with_current, mock_element_with_get, mock_os_module, mock_performance_data, mock_process, mock_session, mocker, module_mocker, monkeypatch, no_cover, package_mocker, performance_monitor, pytestconfig, record_property, record_testsuite_property, record_xml_attribute, recwarn, session_mocker, setup_reporting, temp_dir, testrun_uid, tmp_path, tmp_path_factory, tmpdir, tmpdir_factory, ui_automation, worker_id, worker_tmpdir
&gt;       use 'pytest --fixtures [testpath]' for help on them.

C:\Users\xella\CascadeProjects\windsurf-project\pyui_automation\tests\backends\test_game_backend.py:279</error></testcase><testcase classname="tests.backends.test_game_backend" name="test_capture_screen_failure_original" time="0.004" /><testcase classname="tests.backends.test_game_backend" name="test_find_element_success_original" time="0.003"><failure message="NameError: name 'Image' is not defined">tests\backends\test_game_backend.py:296: in test_find_element_success_original
    screen = Image.new('RGB', (800, 600), color='white')
E   NameError: name 'Image' is not defined</failure></testcase><testcase classname="tests.backends.test_windows" name="test_capture_screen" time="0.010" /><testcase classname="tests.backends.test_windows" name="test_capture_window" time="0.008" /><testcase classname="tests.backends.test_game_backend" name="test_find_element_not_found_original" time="0.003"><failure message="NameError: name 'Image' is not defined">tests\backends\test_game_backend.py:314: in test_find_element_not_found_original
    screen = Image.new('RGB', (800, 600), color='white')
E   NameError: name 'Image' is not defined</failure></testcase><testcase classname="tests.backends.test_windows" name="test_get_element_pattern" time="0.005" /><testcase classname="tests.test_input" name="test_drag_move_fails" time="0.305"><failure message="assert True is False&#10; +  where True = drag(100, 200, 300, 400)&#10; +    where drag = &lt;pyui_automation.input.mouse.Mouse object at 0x00000210F2DCEF30&gt;.drag">tests\test_input.py:80: in test_drag_move_fails
    assert mouse.drag(100, 200, 300, 400) is False
E   assert True is False
E    +  where True = drag(100, 200, 300, 400)
E    +    where drag = &lt;pyui_automation.input.mouse.Mouse object at 0x00000210F2DCEF30&gt;.drag</failure></testcase><testcase classname="tests.backends.test_windows" name="test_find_element" time="0.008"><failure message="AssertionError: assert &lt;MagicMock name='mock.CurrentAutomationId' id='2597985025872'&gt; == 'TestId'&#10; +  where &lt;MagicMock name='mock.CurrentAutomationId' id='2597985025872'&gt; = &lt;MagicMock id='2597985233248'&gt;.CurrentAutomationId">tests\backends\test_windows.py:323: in test_find_element
    assert element.CurrentAutomationId == "TestId"
E   AssertionError: assert &lt;MagicMock name='mock.CurrentAutomationId' id='2597985025872'&gt; == 'TestId'
E    +  where &lt;MagicMock name='mock.CurrentAutomationId' id='2597985025872'&gt; = &lt;MagicMock id='2597985233248'&gt;.CurrentAutomationId</failure></testcase><testcase classname="tests.backends.test_game_backend" name="test_find_element_with_region_original" time="0.003"><failure message="NameError: name 'Image' is not defined">tests\backends\test_game_backend.py:324: in test_find_element_with_region_original
    screen = Image.new('RGB', (800, 600), color='white')
E   NameError: name 'Image' is not defined</failure></testcase><testcase classname="tests.elements.test_listview" name="test_listview_init" time="0.005" /><testcase classname="tests.elements.test_accordion" name="test_panel_wait_until_expanded" time="0.004"><failure message="AttributeError: property 'is_expanded' of 'AccordionPanel' object has no deleter">C:\Program Files\Python312\Lib\unittest\mock.py:1564: in __enter__
    setattr(self.target, self.attribute, new_attr)
E   AttributeError: property 'is_expanded' of 'AccordionPanel' object has no setter

During handling of the above exception, another exception occurred:
tests\elements\test_accordion.py:108: in test_panel_wait_until_expanded
    with patch.object(panel, 'is_expanded', True):
C:\Program Files\Python312\Lib\unittest\mock.py:1577: in __enter__
    if not self.__exit__(*sys.exc_info()):
C:\Program Files\Python312\Lib\unittest\mock.py:1585: in __exit__
    delattr(self.target, self.attribute)
E   AttributeError: property 'is_expanded' of 'AccordionPanel' object has no deleter</failure></testcase><testcase classname="tests.elements.test_listview" name="test_listview_items" time="0.006" /><testcase classname="tests.backends.test_game_backend" name="test_find_element_screen_capture_failure_original" time="0.004"><failure message="NameError: name 'Image' is not defined">tests\backends\test_game_backend.py:340: in test_find_element_screen_capture_failure_original
    template = Image.new('RGB', (50, 50), color='black')
E   NameError: name 'Image' is not defined</failure></testcase><testcase classname="tests.elements.test_listview" name="test_listview_selected_items" time="0.005" /><testcase classname="tests.elements.test_listview" name="test_listview_item_count" time="0.004" /><testcase classname="tests.backends.test_windows" name="test_find_elements" time="0.006"><failure message="AssertionError: assert 1 == 2&#10; +  where 1 = len([&lt;MagicMock id='2597982869824'&gt;])">tests\backends\test_windows.py:353: in test_find_elements
    assert len(elements) == 2
E   AssertionError: assert 1 == 2
E    +  where 1 = len([&lt;MagicMock id='2597982869824'&gt;])</failure></testcase><testcase classname="tests.elements.test_listview" name="test_listview_get_item" time="0.004" /><testcase classname="tests.backends.test_base" name="test_find_element_by_id" time="0.003" /><testcase classname="tests.elements.test_listview" name="test_listview_get_item_not_found" time="0.004" /><testcase classname="tests.backends.test_base" name="test_find_element_by_name" time="0.004" /><testcase classname="tests.elements.test_listview" name="test_listview_get_item_by_index" time="0.006" /><testcase classname="tests.backends.test_base" name="test_find_element_by_class" time="0.003" /><testcase classname="tests.elements.test_listview" name="test_listview_get_item_by_index_out_of_range" time="0.004" /><testcase classname="tests.backends.test_base" name="test_find_element_by_role" time="0.003" /><testcase classname="tests.backends.test_base" name="test_find_element_by_xpath" time="0.003" /><testcase classname="tests.elements.test_listview" name="test_listview_select_item" time="0.004" /><testcase classname="tests.backends.test_windows" name="test_create_condition" time="0.006" /><testcase classname="tests.backends.test_base" name="test_find_element_by_css" time="0.003" /><testcase classname="tests.elements.test_listview" name="test_listview_select_item_not_found" time="0.006" /><testcase classname="tests.backends.test_windows" name="test_get_active_window" time="0.006"><failure message="AssertionError: assert &lt;MagicMock id='2597983921904'&gt; == &lt;MagicMock na...597982817360'&gt;&#10;  &#10;  Use -v to get more diff">tests\backends\test_windows.py:395: in test_get_active_window
    assert window == mock_element
E   AssertionError: assert &lt;MagicMock id='2597983921904'&gt; == &lt;MagicMock na...597982817360'&gt;
E     
E     Use -v to get more diff</failure></testcase><testcase classname="tests.backends.test_base" name="test_find_element_by_text" time="0.003" /><testcase classname="tests.backends.test_base" name="test_find_element_by_partial_text" time="0.003" /><testcase classname="tests.elements.test_listview" name="test_listview_select_item_by_index" time="0.004" /><testcase classname="tests.backends.test_base" name="test_find_element_by_ocr" time="0.003" /><testcase classname="tests.elements.test_listview" name="test_listview_select_item_by_index_out_of_range" time="0.004" /><testcase classname="tests.backends.test_base" name="test_find_element_by_image" time="0.003" /><testcase classname="tests.elements.test_listview" name="test_listview_select_multiple_items" time="0.005" /><testcase classname="tests.backends.test_base" name="test_find_element_returns_none" time="0.003" /><testcase classname="tests.test_elements" name="test_element_center" time="0.003" /><testcase classname="tests.backends.test_base" name="test_get_active_window" time="0.003" /><testcase classname="tests.test_elements" name="test_element_value" time="0.005"><failure message="AssertionError: assert &lt;MagicMock name='mock.value' id='2656196312432'&gt; == 'initial_value'&#10; +  where &lt;MagicMock name='mock.value' id='2656196312432'&gt; = &lt;pyui_automation.elements.base.UIElement object at 0x0000026A71A30380&gt;.value">tests\test_elements.py:361: in test_element_value
    assert ui_element.value == "initial_value"
E   AssertionError: assert &lt;MagicMock name='mock.value' id='2656196312432'&gt; == 'initial_value'
E    +  where &lt;MagicMock name='mock.value' id='2656196312432'&gt; = &lt;pyui_automation.elements.base.UIElement object at 0x0000026A71A30380&gt;.value</failure></testcase><testcase classname="tests.elements.test_listview" name="test_listview_clear_selection" time="0.004" /><testcase classname="tests.backends.test_windows" name="test_get_window_handles" time="0.006" /><testcase classname="tests.backends.test_base" name="test_take_screenshot" time="0.003" /><testcase classname="tests.elements.test_listview" name="test_listview_wait_until_item_count" time="0.005"><failure message="AttributeError: property 'item_count' of 'ListView' object has no deleter">C:\Program Files\Python312\Lib\unittest\mock.py:1564: in __enter__
    setattr(self.target, self.attribute, new_attr)
E   AttributeError: property 'item_count' of 'ListView' object has no setter

During handling of the above exception, another exception occurred:
tests\elements\test_listview.py:203: in test_listview_wait_until_item_count
    with patch.object(listview, 'item_count', 3):
C:\Program Files\Python312\Lib\unittest\mock.py:1577: in __enter__
    if not self.__exit__(*sys.exc_info()):
C:\Program Files\Python312\Lib\unittest\mock.py:1585: in __exit__
    delattr(self.target, self.attribute)
E   AttributeError: property 'item_count' of 'ListView' object has no deleter</failure></testcase><testcase classname="tests.backends.test_base" name="test_get_screen_size" time="0.003" /><testcase classname="tests.backends.test_windows" name="test_click" time="0.006" /><testcase classname="tests.backends.test_base" name="test_find_elements" time="0.003" /><testcase classname="tests.backends.test_base" name="test_find_elements_empty" time="0.002" /><testcase classname="tests.backends.test_windows" name="test_type_text" time="0.007" /><testcase classname="tests.test_elements" name="test_element_selected" time="0.003"><failure message="TypeError: 'bool' object is not callable">tests\test_elements.py:373: in test_element_selected
    assert ui_element.is_selected()
E   TypeError: 'bool' object is not callable</failure></testcase><testcase classname="tests.backends.test_base" name="test_abstract_find_element" time="0.003"><failure message="Failed: DID NOT RAISE &lt;class 'NotImplementedError'&gt;">tests\backends\test_base.py:521: in test_abstract_find_element
    with pytest.raises(NotImplementedError):
[...]
    assert ui_automation._config.default_timeout == custom_timeout
E   AssertionError: assert 10.0 == 15
E    +  where 10.0 = AutomationConfig(screenshot_format='png', screenshot_quality=90, screenshot_dir=None, visual_testing_enabled=False, vi...cessibility_standards=['wcag2a', 'wcag2aa'], accessibility_output_dir=None, backend_type='windows', backend_options={}).default_timeout
E    +    where AutomationConfig(screenshot_format='png', screenshot_quality=90, screenshot_dir=None, visual_testing_enabled=False, vi...cessibility_standards=['wcag2a', 'wcag2aa'], accessibility_output_dir=None, backend_type='windows', backend_options={}) = &lt;pyui_automation.core.session.AutomationSession object at 0x000001E2871220F0&gt;._config</failure></testcase><testcase classname="tests.test_wait" name="test_for_element_pattern_timeout" time="0.205" /><testcase classname="tests.test_core" name="test_visual_testing_configuration" time="0.014"><failure message="AssertionError: assert 0.95 == 0.98&#10; +  where 0.95 = AutomationConfig(screenshot_format='png', screenshot_quality=90, screenshot_dir=None, visual_testing_enabled=False, vi...cessibility_standards=['wcag2a', 'wcag2aa'], accessibility_output_dir=None, backend_type='windows', backend_options={}).visual_threshold&#10; +    where AutomationConfig(screenshot_format='png', screenshot_quality=90, screenshot_dir=None, visual_testing_enabled=False, vi...cessibility_standards=['wcag2a', 'wcag2aa'], accessibility_output_dir=None, backend_type='windows', backend_options={}) = &lt;pyui_automation.core.session.AutomationSession object at 0x000001E2888D9B50&gt;._config">tests\test_core.py:505: in test_visual_testing_configuration
    assert ui_automation._config.visual_threshold == custom_threshold
E   AssertionError: assert 0.95 == 0.98
E    +  where 0.95 = AutomationConfig(screenshot_format='png', screenshot_quality=90, screenshot_dir=None, visual_testing_enabled=False, vi...cessibility_standards=['wcag2a', 'wcag2aa'], accessibility_output_dir=None, backend_type='windows', backend_options={}).visual_threshold
E    +    where AutomationConfig(screenshot_format='png', screenshot_quality=90, screenshot_dir=None, visual_testing_enabled=False, vi...cessibility_standards=['wcag2a', 'wcag2aa'], accessibility_output_dir=None, backend_type='windows', backend_options={}) = &lt;pyui_automation.core.session.AutomationSession object at 0x000001E2888D9B50&gt;._config</failure></testcase><testcase classname="tests.test_core" name="test_performance_monitoring_configuration" time="0.010"><failure message="AssertionError: assert False&#10; +  where False = hasattr(&lt;pyui_automation.core.session.AutomationSession object at 0x000001E2871D57C0&gt;, '_monitoring_thread')">tests\test_core.py:512: in test_performance_monitoring_configuration
    assert hasattr(ui_automation, "_monitoring_thread")
E   AssertionError: assert False
E    +  where False = hasattr(&lt;pyui_automation.core.session.AutomationSession object at 0x000001E2871D57C0&gt;, '_monitoring_thread')</failure></testcase><testcase classname="tests.test_core" name="test_multiple_backend_operations" time="0.008"><failure message="TypeError: unsupported operand type(s) for +: 'float' and 'str'">tests\test_core.py:524: in test_multiple_backend_operations
    ui_automation.wait_for("id", element_id)
pyui_automation\core\session.py:326: in wait_for
    end_time = time.time() + timeout
E   TypeError: unsupported operand type(s) for +: 'float' and 'str'</failure></testcase><testcase classname="tests.test_core" name="test_concurrent_operations" time="0.015" /><testcase classname="tests.test_wait" name="test_for_element_text_success" time="0.206"><failure message="pyui_automation.exceptions.WaitTimeout: Element text mismatch: id=test-id">tests\test_wait.py:166: in test_for_element_text_success
    element = element_waits.for_element_text("id", "test-id", "test-text", timeout=0.2)
pyui_automation\wait.py:193: in for_element_text
    self.wait_until(condition, timeout,
pyui_automation\wait.py:74: in wait_until
    return wait_until(condition, timeout, poll_frequency, error_message)
pyui_automation\wait.py:39: in wait_until
    raise WaitTimeout(error_message)
E   pyui_automation.exceptions.WaitTimeout: Element text mismatch: id=test-id</failure></testcase><testcase classname="tests.test_wait" name="test_for_element_text_timeout" time="0.206" /><testcase classname="tests.test_ocr" name="test_find_text_location" time="1.553"><failure message="ValueError: not enough values to unpack (expected 2, got 0)">tests\test_ocr.py:83: in test_find_text_location
    location = ocr_engine.find_text_location(mock_element, "Sample Text 1")
pyui_automation\ocr.py:157: in find_text_location
    element_x, element_y = element.location
E   ValueError: not enough values to unpack (expected 2, got 0)</failure></testcase><testcase classname="tests.test_performance" name="test_stress_test_with_errors" time="1.011" /><testcase classname="tests.test_wait" name="test_for_element_contains_text_success" time="0.205"><failure message="pyui_automation.exceptions.WaitTimeout: Element text does not contain: test-text">tests\test_wait.py:187: in test_for_element_contains_text_success
    element = element_waits.for_element_contains_text(
pyui_automation\wait.py:224: in for_element_contains_text
    self.wait_until(condition, timeout,
pyui_automation\wait.py:74: in wait_until
    return wait_until(condition, timeout, poll_frequency, error_message)
pyui_automation\wait.py:39: in wait_until
    raise WaitTimeout(error_message)
E   pyui_automation.exceptions.WaitTimeout: Element text does not contain: test-text</failure></testcase><testcase classname="tests.test_factory" name="test_create_visual_tester" time="0.003" /><testcase classname="tests.test_game_elements.test_buff_panel" name="test_get_active_buffs" time="0.004" /><testcase classname="tests.test_game_elements.test_buff_panel" name="test_get_active_debuffs" time="0.003" /><testcase classname="tests.test_wait" name="test_for_element_contains_text_timeout" time="0.208" /><testcase classname="tests.test_game_elements.test_buff_panel" name="test_has_buff" time="0.003"><failure message="AssertionError: assert True is False&#10; +  where True = has_buff('Agility')&#10; +    where has_buff = &lt;pyui_automation.game_elements.buff_panel.BuffPanel object at 0x00000210F3026630&gt;.has_buff">tests\test_game_elements\test_buff_panel.py:66: in test_has_buff
    assert buff_panel.has_buff('Agility') is False
E   AssertionError: assert True is False
E    +  where True = has_buff('Agility')
E    +    where has_buff = &lt;pyui_automation.game_elements.buff_panel.BuffPanel object at 0x00000210F3026630&gt;.has_buff</failure></testcase><testcase classname="tests.test_game_elements.test_buff_panel" name="test_has_debuff" time="0.004"><failure message="AssertionError: assert True is False&#10; +  where True = has_debuff('Slow')&#10; +    where has_debuff = &lt;pyui_automation.game_elements.buff_panel.BuffPanel object at 0x00000210F2EB7CB0&gt;.has_debuff">tests\test_game_elements\test_buff_panel.py:77: in test_has_debuff
    assert buff_panel.has_debuff('Slow') is False
E   AssertionError: assert True is False
E    +  where True = has_debuff('Slow')
E    +    where has_debuff = &lt;pyui_automation.game_elements.buff_panel.BuffPanel object at 0x00000210F2EB7CB0&gt;.has_debuff</failure></testcase><testcase classname="tests.test_game_elements.test_buff_panel" name="test_cancel_buff" time="0.005"><failure message="AssertionError: assert 0 == 1&#10; +  where 0 = &lt;MagicMock id='2271816979168'&gt;.clicks">tests\test_game_elements\test_buff_panel.py:90: in test_cancel_buff
    assert buff.clicks == 1
E   AssertionError: assert 0 == 1
E    +  where 0 = &lt;MagicMock id='2271816979168'&gt;.clicks</failure></testcase><testcase classname="tests.test_game_elements.test_buff_panel" name="test_wait_for_buff" time="0.004"><failure message="AssertionError: assert &lt;MagicMock name='mock.wait_for_condition()' id='2271819702176'&gt; is True&#10; +  where &lt;MagicMock name='mock.wait_for_condition()' id='2271819702176'&gt; = wait_for_buff('Strength', timeout=1.0)&#10; +    where wait_for_buff = &lt;pyui_automation.game_elements.buff_panel.BuffPanel object at 0x00000210F30058E0&gt;.wait_for_buff">tests\test_game_elements\test_buff_panel.py:100: in test_wait_for_buff
    assert buff_panel.wait_for_buff('Strength', timeout=1.0) is True
E   AssertionError: assert &lt;MagicMock name='mock.wait_for_condition()' id='2271819702176'&gt; is True
E    +  where &lt;MagicMock name='mock.wait_for_condition()' id='2271819702176'&gt; = wait_for_buff('Strength', timeout=1.0)
E    +    where wait_for_buff = &lt;pyui_automation.game_elements.buff_panel.BuffPanel object at 0x00000210F30058E0&gt;.wait_for_buff</failure></testcase><testcase classname="tests.test_game_elements.test_buff_panel" name="test_wait_for_buff_expire" time="0.009"><failure message="AssertionError: assert &lt;MagicMock name='mock.wait_for_condition()' id='2271837754992'&gt; is True&#10; +  where &lt;MagicMock name='mock.wait_for_condition()' id='2271837754992'&gt; = wait_for_buff_expire('Strength', timeout=1.0)&#10; +    where wait_for_buff_expire = &lt;pyui_automation.game_elements.buff_panel.BuffPanel object at 0x00000210F2DCC320&gt;.wait_for_buff_expire">tests\test_game_elements\test_buff_panel.py:110: in test_wait_for_buff_expire
    assert buff_panel.wait_for_buff_expire('Strength', timeout=1.0) is True
E   AssertionError: assert &lt;MagicMock name='mock.wait_for_condition()' id='2271837754992'&gt; is True
E    +  where &lt;MagicMock name='mock.wait_for_condition()' id='2271837754992'&gt; = wait_for_buff_expire('Strength', timeout=1.0)
E    +    where wait_for_buff_expire = &lt;pyui_automation.game_elements.buff_panel.BuffPanel object at 0x00000210F2DCC320&gt;.wait_for_buff_expire</failure></testcase><testcase classname="tests.test_performance" name="test_memory_leak_test" time="0.109"><failure message="assert True is True">tests\test_performance.py:339: in test_memory_leak_test
    assert results["has_leak"] is True
E   assert True is True</failure></testcase><testcase classname="tests.test_performance" name="test_memory_leak_test_no_leak" time="0.108" /><testcase classname="tests.test_performance" name="test_performance_metric_dataclass" time="0.003" /><testcase classname="tests.test_performance" name="test_monitor_cleanup" time="0.005" /><testcase classname="tests.test_performance" name="test_monitoring_intervals[0.1]" time="0.205" /><testcase classname="tests.test_ocr" name="test_get_all_text" time="1.438"><failure message="ValueError: not enough values to unpack (expected 2, got 0)">tests\test_ocr.py:88: in test_get_all_text
    texts = ocr_engine.get_all_text(mock_element)
pyui_automation\ocr.py:184: in get_all_text
    element_x, element_y = element.location
E   ValueError: not enough values to unpack (expected 2, got 0)</failure></testcase><testcase classname="tests.test_performance" name="test_monitoring_intervals[0.5]" time="1.005" /><testcase classname="tests.test_performance" name="test_monitoring_intervals[1.0]" time="2.006" /><testcase classname="tests.test_ocr" name="test_recognize_text" time="1.290" /><testcase classname="tests.test_ocr" name="test_recognize_text_with_preprocessing" time="1.256" /><testcase classname="tests.test_ocr" name="test_paddle_ocr_not_available" time="0.006"><failure message="AssertionError: Regex pattern did not match.&#10; Regex: 'PaddleOCR not available'&#10; Input: 'PaddleOCR is not available. Please install paddleocr package to use text recognition features.'">tests\test_ocr.py:129: in test_paddle_ocr_not_available
    engine.recognize_text(np.zeros((100, 100, 3), dtype=np.uint8))
pyui_automation\ocr.py:56: in recognize_text
    raise RuntimeError("PaddleOCR is not available. Please install paddleocr package to use text recognition features.")
E   RuntimeError: PaddleOCR is not available. Please install paddleocr package to use text recognition features.

During handling of the above exception, another exception occurred:
tests\test_ocr.py:128: in test_paddle_ocr_not_available
    with pytest.raises(RuntimeError, match="PaddleOCR not available"):
E   AssertionError: Regex pattern did not match.
E    Regex: 'PaddleOCR not available'
E    Input: 'PaddleOCR is not available. Please install paddleocr package to use text recognition features.'</failure></testcase><testcase classname="tests.test_performance" name="test_concurrent_monitoring" time="0.307" /><testcase classname="tests.test_performance" name="test_error_handling" time="0.005"><failure message="assert 2 == 1&#10; +  where 2 = len([PerformanceMetric(timestamp=0.0, cpu_usage=0.0, memory_usage=1, response_time=0.0), PerformanceMetric(timestamp=0.0009999275207519531, cpu_usage=0.0, memory_usage=1, response_time=0.0)])&#10; +    where [PerformanceMetric(timestamp=0.0, cpu_usage=0.0, memory_usage=1, response_time=0.0), PerformanceMetric(timestamp=0.0009999275207519531, cpu_usage=0.0, memory_usage=1, response_time=0.0)] = &lt;pyui_automation.performance.PerformanceMonitor object at 0x000002C3CD1CC9E0&gt;.metrics">tests\test_performance.py:427: in test_error_handling
    assert len(perf_monitor.metrics) == 1
E   assert 2 == 1
E    +  where 2 = len([PerformanceMetric(timestamp=0.0, cpu_usage=0.0, memory_usage=1, response_time=0.0), PerformanceMetric(timestamp=0.0009999275207519531, cpu_usage=0.0, memory_usage=1, response_time=0.0)])
E    +    where [PerformanceMetric(timestamp=0.0, cpu_usage=0.0, memory_usage=1, response_time=0.0), PerformanceMetric(timestamp=0.0009999275207519531, cpu_usage=0.0, memory_usage=1, response_time=0.0)] = &lt;pyui_automation.performance.PerformanceMonitor object at 0x000002C3CD1CC9E0&gt;.metrics</failure></testcase><testcase classname="tests.test_performance" name="test_resource_threshold_alerts" time="0.005" /><testcase classname="tests.test_performance" name="test_detect_regression" time="0.907" /><testcase classname="tests.test_ocr" name="test_set_languages" time="2.582" /><testcase classname="tests.test_ocr" name="test_set_languages_empty_list" time="1.262" /><testcase classname="tests.test_ocr" name="test_recognize_text_from_path" time="1.314" /><testcase classname="tests.test_ocr" name="test_recognize_text_from_pathlib" time="1.282" /><testcase classname="tests.test_ocr" name="test_recognize_text_invalid_path" time="1.263"><failure message="cv2.error: OpenCV(4.10.0) D:\a\opencv-python\opencv-python\opencv\modules\imgproc\src\color.cpp:196: error: (-215:Assertion failed) !_src.empty() in function 'cv::cvtColor'">tests\test_ocr.py:167: in test_recognize_text_invalid_path
    ocr_engine.recognize_text("nonexistent_image.png")
pyui_automation\ocr.py:65: in recognize_text
    image = cv2.cvtColor(image, cv2.COLOR_BGR2RGB)
E   cv2.error: OpenCV(4.10.0) D:\a\opencv-python\opencv-python\opencv\modules\imgproc\src\color.cpp:196: error: (-215:Assertion failed) !_src.empty() in function 'cv::cvtColor'</failure></testcase><testcase classname="tests.test_ocr" name="test_recognize_text_invalid_image" time="1.312"><failure message="Failed: DID NOT RAISE &lt;class 'ValueError'&gt;">tests\test_ocr.py:171: in test_recognize_text_invalid_image
    with pytest.raises(ValueError):
E   Failed: DID NOT RAISE &lt;class 'ValueError'&gt;</failure></testcase><testcase classname="tests.test_ocr" name="test_find_text_with_confidence" time="1.284"><failure message="ValueError: not enough values to unpack (expected 2, got 0)">tests\test_ocr.py:176: in test_find_text_with_confidence
    locations = ocr_engine.find_text_location(mock_element, "Sample Text", confidence_threshold=0.9)
pyui_automation\ocr.py:157: in find_text_location
    element_x, element_y = element.location
E   ValueError: not enough values to unpack (expected 2, got 0)</failure></testcase><testcase classname="tests.test_ocr" name="test_find_text_no_match" time="1.253"><failure message="ValueError: not enough values to unpack (expected 2, got 0)">tests\test_ocr.py:183: in test_find_text_no_match
    locations = ocr_engine.find_text_location(mock_element, "Nonexistent Text")
pyui_automation\ocr.py:157: in find_text_location
    element_x, element_y = element.location
E   ValueError: not enough values to unpack (expected 2, got 0)</failure></testcase><testcase classname="tests.test_ocr" name="test_get_all_text_with_confidence" time="1.250"><failure message="ValueError: not enough values to unpack (expected 2, got 0)">tests\test_ocr.py:189: in test_get_all_text_with_confidence
    texts = ocr_engine.get_all_text(mock_element, confidence_threshold=0.95)
pyui_automation\ocr.py:184: in get_all_text
    element_x, element_y = element.location
E   ValueError: not enough values to unpack (expected 2, got 0)</failure></testcase><testcase classname="tests.test_ocr" name="test_get_all_text_no_results" time="1.269" /><testcase classname="tests.test_ocr" name="test_preprocess_image" time="1.400"><failure message="assert (100, 100) == (100, 100, 3)&#10;  &#10;  Right contains one more item: #x1B[0m#x1B[94m3#x1B[39;49;00m#x1B[90m#x1B[39;49;00m&#10;  Use -v to get more diff">tests\test_ocr.py:208: in test_preprocess_image
    assert processed.shape == test_image.shape
E   assert (100, 100) == (100, 100, 3)
E     
E     Right contains one more item: #x1B[0m#x1B[94m3#x1B[39;49;00m#x1B[90m#x1B[39;49;00m
E     Use -v to get more diff</failure></testcase><testcase classname="tests.test_ocr" name="test_preprocess_image_grayscale" time="1.266"><failure message="assert 2 == 3&#10; +  where 2 = len((100, 100))&#10; +    where (100, 100) = array([[0, 0, 0, ..., 0, 0, 0],\n       [0, 0, 0, ..., 0, 0, 0],\n       [0, 0, 0, ..., 0, 0, 0],\n       ...,\n       [0, 0, 0, ..., 0, 0, 0],\n       [0, 0, 0, ..., 0, 0, 0],\n       [0, 0, 0, ..., 0, 0, 0]], dtype=uint8).shape">tests\test_ocr.py:215: in test_preprocess_image_grayscale
    assert len(processed.shape) == 3  # Should be converted to RGB
E   assert 2 == 3
E    +  where 2 = len((100, 100))
E    +    where (100, 100) = array([[0, 0, 0, ..., 0, 0, 0],\n       [0, 0, 0, ..., 0, 0, 0],\n       [0, 0, 0, ..., 0, 0, 0],\n       ...,\n       [0, 0, 0, ..., 0, 0, 0],\n       [0, 0, 0, ..., 0, 0, 0],\n       [0, 0, 0, ..., 0, 0, 0]], dtype=uint8).shape</failure></testcase><testcase classname="tests.test_ocr" name="test_read_text_partial_match" time="1.254" /><testcase classname="tests.test_ocr" name="test_read_text_case_sensitive" time="1.305" /><testcase classname="tests.test_ocr" name="test_read_text_exact_match" time="1.310" /><testcase classname="tests.test_ocr" name="test_multiple_language_recognition" time="2.487"><failure message="AssertionError">tests\test_ocr.py:237: in test_multiple_language_recognition
    text = ocr_engine.read_text(mock_element, "Sample")
pyui_automation\ocr.py:239: in read_text
    result = self._paddle_ocr.ocr(image, cls=True)
.venv\Lib\site-packages\paddleocr\paddleocr.py:729: in ocr
    assert isinstance(img, (np.ndarray, list, str, bytes))
E   AssertionError</failure></testcase><testcase classname="tests.test_ocr" name="test_recognize_text_different_dtypes[uint8]" time="1.315" /><testcase classname="tests.test_ocr" name="test_recognize_text_different_dtypes[float32]" time="1.251" /><testcase classname="tests.test_ocr" name="test_recognize_text_different_dtypes[float64]" time="1.265" /><testcase classname="tests.test_ocr" name="test_concurrent_ocr_operations" time="1.244" /><testcase classname="tests.test_ocr" name="test_memory_cleanup" time="1.654" /></testsuite></testsuites>