<?xml version="1.0" encoding="utf-8"?><testsuites><testsuite name="pytest" errors="11" failures="157" skipped="18" tests="800" time="52.028" timestamp="2024-12-18T00:09:51.251502+03:00" hostname="DESKTOP-IHFRJV0"><testcase classname="" name="tests.backends.test_windows" time="0.000"><error message="collection failure">ImportError while importing test module 'C:\Users\xella\CascadeProjects\windsurf-project\pyui_automation\tests\backends\test_windows.py'.
Hint: make sure your test modules/packages have valid Python names.
Traceback:
C:\Program Files\Python312\Lib\importlib\__init__.py:90: in import_module
    return _bootstrap._gcd_import(name[level:], package, level)
tests\backends\test_windows.py:6: in &lt;module&gt;
    from pyui_automation.core.element import Element
E   ModuleNotFoundError: No module named 'pyui_automation.core.element'</error></testcase><testcase classname="" name="tests.test_config" time="0.000"><error message="collection failure">ImportError while importing test module 'C:\Users\xella\CascadeProjects\windsurf-project\pyui_automation\tests\test_config.py'.
Hint: make sure your test modules/packages have valid Python names.
Traceback:
C:\Program Files\Python312\Lib\importlib\__init__.py:90: in import_module
    return _bootstrap._gcd_import(name[level:], package, level)
tests\test_config.py:5: in &lt;module&gt;
    from pyui_automation.core.automation_session import AutomationSession
E   ModuleNotFoundError: No module named 'pyui_automation.core.automation_session'</error></testcase><testcase classname="" name="tests.test_elements" time="0.000"><error message="collection failure">ImportError while importing test module 'C:\Users\xella\CascadeProjects\windsurf-project\pyui_automation\tests\test_elements.py'.
Hint: make sure your test modules/packages have valid Python names.
Traceback:
C:\Program Files\Python312\Lib\importlib\__init__.py:90: in import_module
    return _bootstrap._gcd_import(name[level:], package, level)
tests\test_elements.py:7: in &lt;module&gt;
    from pyui_automation.core.element import Element
E   ModuleNotFoundError: No module named 'pyui_automation.core.element'</error></testcase><testcase classname="" name="tests.test_input" time="0.000"><error message="collection failure">ImportError while importing test module 'C:\Users\xella\CascadeProjects\windsurf-project\pyui_automation\tests\test_input.py'.
Hint: make sure your test modules/packages have valid Python names.
Traceback:
C:\Program Files\Python312\Lib\importlib\__init__.py:90: in import_module
    return _bootstrap._gcd_import(name[level:], package, level)
tests\test_input.py:3: in &lt;module&gt;
    from pyui_automation.core.input import InputManager
E   ModuleNotFoundError: No module named 'pyui_automation.core.input'</error></testcase><testcase classname="" name="tests.test_visual" time="0.000"><error message="collection failure">ImportError while importing test module 'C:\Users\xella\CascadeProjects\windsurf-project\pyui_automation\tests\test_visual.py'.
Hint: make sure your test modules/packages have valid Python names.
Traceback:
C:\Program Files\Python312\Lib\importlib\__init__.py:90: in import_module
    return _bootstrap._gcd_import(name[level:], package, level)
tests\test_visual.py:10: in &lt;module&gt;
    from pyui_automation.visual import VisualTester
E   ModuleNotFoundError: No module named 'pyui_automation.visual'</error></testcase><testcase classname="tests.test_performance" name="test_start_monitoring" time="0.012" /><testcase classname="tests.test_core" name="test_find_element" time="0.019" /><testcase classname="tests.test_session" name="test_session_init_default_backend" time="0.023" /><testcase classname="tests.elements.test_base" name="test_init" time="0.020" /><testcase classname="tests.test_accessibility" name="test_check_element_alt_text" time="0.019" /><testcase classname="tests.elements.test_scrollbar" name="test_scrollbar_init" time="0.020" /><testcase classname="tests.backends.test_base" name="test_find_element_by_id" time="0.020" /><testcase classname="tests.elements.test_listview" name="test_item_init" time="0.020" /><testcase classname="tests.elements.test_accordion" name="test_panel_init" time="0.021" /><testcase classname="tests.test_performance" name="test_stop_monitoring" time="0.105" /><testcase classname="tests.elements.test_base" name="test_native_element" time="0.004" /><testcase classname="tests.backends.test_base" name="test_find_element_by_name" time="0.003" /><testcase classname="tests.elements.test_scrollbar" name="test_scrollbar_orientation" time="0.004" /><testcase classname="tests.test_accessibility" name="test_check_element_color_contrast" time="0.004" /><testcase classname="tests.elements.test_accordion" name="test_panel_header_text" time="0.005" /><testcase classname="tests.elements.test_listview" name="test_item_text" time="0.004" /><testcase classname="tests.test_core" name="test_find_element_with_timeout" time="0.010" /><testcase classname="tests.test_session" name="test_session_init_custom_backend" time="0.003" /><testcase classname="tests.backends.test_base" name="test_find_element_by_class" time="0.003" /><testcase classname="tests.elements.test_base" name="test_session" time="0.004" /><testcase classname="tests.test_accessibility" name="test_check_element_keyboard_accessibility" time="0.004" /><testcase classname="tests.elements.test_scrollbar" name="test_scrollbar_value" time="0.004" /><testcase classname="tests.elements.test_listview" name="test_item_is_selected" time="0.003" /><testcase classname="tests.elements.test_accordion" name="test_panel_content_text" time="0.004" /><testcase classname="tests.test_session" name="test_find_element" time="0.007" /><testcase classname="tests.test_core" name="test_take_screenshot" time="0.010"><failure message="AttributeError: 'AutomationSession' object has no attribute '_backend'. Did you mean: 'backend'?">tests\test_core.py:116: in test_take_screenshot
    with patch.object(ui_automation._backend, 'capture_screenshot', return_value=np.zeros((100, 100, 3), dtype=np.uint8)):
E   AttributeError: 'AutomationSession' object has no attribute '_backend'. Did you mean: 'backend'?</failure></testcase><testcase classname="tests.backends.test_base" name="test_find_element_by_role" time="0.003" /><testcase classname="tests.test_accessibility" name="test_check_element_aria_role" time="0.004" /><testcase classname="tests.elements.test_listview" name="test_item_index" time="0.003" /><testcase classname="tests.elements.test_scrollbar" name="test_scrollbar_min_value" time="0.003" /><testcase classname="tests.elements.test_base" name="test_get_attribute" time="0.004" /><testcase classname="tests.elements.test_accordion" name="test_panel_is_expanded" time="0.003" /><testcase classname="tests.test_session" name="test_find_element_with_timeout" time="0.006" /><testcase classname="tests.backends.test_base" name="test_find_element_by_xpath" time="0.003" /><testcase classname="tests.test_accessibility" name="test_check_application" time="0.005"><failure message="assert 0 &gt; 0&#10; +  where 0 = len([])&#10; +    where [] = &lt;pyui_automation.accessibility.AccessibilityChecker object at 0x000002140C6C7740&gt;.violations">tests\test_accessibility.py:69: in test_check_application
    assert len(accessibility_checker.violations) &gt; 0
E   assert 0 &gt; 0
E    +  where 0 = len([])
E    +    where [] = &lt;pyui_automation.accessibility.AccessibilityChecker object at 0x000002140C6C7740&gt;.violations</failure></testcase><testcase classname="tests.elements.test_base" name="test_get_property" time="0.003" /><testcase classname="tests.elements.test_scrollbar" name="test_scrollbar_max_value" time="0.004" /><testcase classname="tests.elements.test_listview" name="test_item_select_when_not_selected" time="0.004" /><testcase classname="tests.elements.test_accordion" name="test_panel_expand" time="0.007"><failure message="AttributeError: property 'is_expanded' of 'AccordionPanel' object has no deleter">C:\Program Files\Python312\Lib\unittest\mock.py:1564: in __enter__
    setattr(self.target, self.attribute, new_attr)
E   AttributeError: property 'is_expanded' of 'AccordionPanel' object has no setter

During handling of the above exception, another exception occurred:
tests\elements\test_accordion.py:87: in test_panel_expand
    with patch.object(panel, 'is_expanded', return_value=False):
C:\Program Files\Python312\Lib\unittest\mock.py:1577: in __enter__
    if not self.__exit__(*sys.exc_info()):
C:\Program Files\Python312\Lib\unittest\mock.py:1585: in __exit__
    delattr(self.target, self.attribute)
E   AttributeError: property 'is_expanded' of 'AccordionPanel' object has no deleter</failure></testcase><testcase classname="tests.backends.test_base" name="test_find_element_by_css" time="0.003" /><testcase classname="tests.test_session" name="test_find_element_not_found" time="0.006" /><testcase classname="tests.elements.test_base" name="test_text" time="0.003" /><testcase classname="tests.elements.test_listview" name="test_item_select_when_already_selected" time="0.004" /><testcase classname="tests.elements.test_scrollbar" name="test_scrollbar_step_size" time="0.003" /><testcase classname="tests.backends.test_base" name="test_find_element_by_text" time="0.003" /><testcase classname="tests.test_core" name="test_keyboard_input" time="0.011" /><testcase classname="tests.elements.test_base" name="test_location" time="0.003" /><testcase classname="tests.elements.test_scrollbar" name="test_scrollbar_page_size" time="0.004" /><testcase classname="tests.test_accessibility" name="test_generate_report" time="0.007" /><testcase classname="tests.test_session" name="test_find_elements" time="0.008" /><testcase classname="tests.elements.test_listview" name="test_item_wait_until_selected" time="0.005"><failure message="AttributeError: property 'is_selected' of 'ListViewItem' object has no setter">tests\elements\test_listview.py:107: in test_item_wait_until_selected
    with patch.object(listview_item, 'is_selected', return_value=True):
C:\Program Files\Python312\Lib\unittest\mock.py:1564: in __enter__
    setattr(self.target, self.attribute, new_attr)
E   AttributeError: property 'is_selected' of 'ListViewItem' object has no setter</failure></testcase><testcase classname="tests.backends.test_base" name="test_find_element_by_partial_text" time="0.003" /><testcase classname="tests.elements.test_base" name="test_size" time="0.004" /><testcase classname="tests.elements.test_scrollbar" name="test_scrollbar_is_enabled" time="0.004" /><testcase classname="tests.test_accessibility" name="test_color_contrast_calculation" time="0.002" /><testcase classname="tests.test_session" name="test_find_elements_not_found" time="0.005" /><testcase classname="tests.test_core" name="test_mouse_click" time="0.111" /><testcase classname="tests.backends.test_base" name="test_find_element_by_ocr" time="0.003" /><testcase classname="tests.elements.test_base" name="test_name" time="0.003" /><testcase classname="tests.elements.test_scrollbar" name="test_scrollbar_viewport_size" time="0.004" /><testcase classname="tests.test_accessibility" name="test_get_all_elements" time="0.004"><failure message="AssertionError: assert 0 == 1&#10; +  where 0 = len(&lt;MagicMock name='mock.find_elements()' id='2285130931168'&gt;)&#10; +  and   1 = len([&lt;MagicMock id='2285131015536'&gt;])&#10; +    where [&lt;MagicMock id='2285131015536'&gt;] = &lt;MagicMock name='mock.find_all' id='2285131010352'&gt;.return_value&#10; +      where &lt;MagicMock name='mock.find_all' id='2285131010352'&gt; = &lt;MagicMock id='2285131015536'&gt;.find_all">tests\test_accessibility.py:92: in test_get_all_elements
    assert len(elements) == len(mock_element.find_all.return_value)
E   AssertionError: assert 0 == 1
E    +  where 0 = len(&lt;MagicMock name='mock.find_elements()' id='2285130931168'&gt;)
E    +  and   1 = len([&lt;MagicMock id='2285131015536'&gt;])
E    +    where [&lt;MagicMock id='2285131015536'&gt;] = &lt;MagicMock name='mock.find_all' id='2285131010352'&gt;.return_value
E    +      where &lt;MagicMock name='mock.find_all' id='2285131010352'&gt; = &lt;MagicMock id='2285131015536'&gt;.find_all</failure></testcase><testcase classname="tests.backends.test_base" name="test_find_element_by_image" time="0.003" /><testcase classname="tests.test_session" name="test_get_active_window" time="0.006" /><testcase classname="tests.elements.test_base" name="test_name_fallback" time="0.003" /><testcase classname="tests.elements.test_scrollbar" name="test_scrollbar_viewport_size_not_found" time="0.003" /><testcase classname="tests.backends.test_base" name="test_find_element_returns_none" time="0.003" /><testcase classname="tests.test_session" name="test_get_active_window_none" time="0.005" /><testcase classname="tests.elements.test_base" name="test_visible" time="0.003" /><testcase classname="tests.test_accessibility" name="test_is_interactive" time="0.003" /><testcase classname="tests.elements.test_scrollbar" name="test_scrollbar_scroll_to_valid" time="0.004" /><testcase classname="tests.test_performance" name="test_get_cpu_usage" time="0.003" /><testcase classname="tests.backends.test_base" name="test_get_active_window" time="0.003" /><testcase classname="tests.test_accessibility" name="test_has_valid_role" time="0.003" /><testcase classname="tests.elements.test_base" name="test_is_displayed" time="0.003" /><testcase classname="tests.test_performance" name="test_get_memory_usage" time="0.006"><failure message="assert 1 == 104857600">tests\test_performance.py:70: in test_get_memory_usage
    assert memory_usage == memory_size
E   assert 1 == 104857600</failure></testcase><testcase classname="tests.test_session" name="test_init_visual_testing" time="0.008" /><testcase classname="tests.elements.test_scrollbar" name="test_scrollbar_scroll_to_invalid" time="0.006" /><testcase classname="tests.backends.test_base" name="test_take_screenshot" time="0.003" /><testcase classname="tests.test_accessibility" name="test_get_element_color_hex" time="0.003" /><testcase classname="tests.elements.test_base" name="test_is_enabled" time="0.003" /><testcase classname="tests.backends.test_base" name="test_get_screen_size" time="0.003" /><testcase classname="tests.elements.test_scrollbar" name="test_scrollbar_scroll_to_start" time="0.004" /><testcase classname="tests.test_session" name="test_capture_screenshot" time="0.006" /><testcase classname="tests.test_accessibility" name="test_get_element_color_rgb" time="0.003" /><testcase classname="tests.elements.test_base" name="test_get_click_point" time="0.003" /><testcase classname="tests.elements.test_listview" name="test_listview_init" time="0.004" /><testcase classname="tests.backends.test_base" name="test_find_elements" time="0.003" /><testcase classname="tests.elements.test_scrollbar" name="test_scrollbar_scroll_to_end" time="0.004" /><testcase classname="tests.test_performance" name="test_get_response_time" time="0.006" /><testcase classname="tests.test_session" name="test_capture_element_screenshot" time="0.005" /><testcase classname="tests.test_accessibility" name="test_get_element_color_named" time="0.178"><failure message="assert (0, 255, 0) == (0, 128, 0)&#10;  &#10;  At index 1 diff: #x1B[0m#x1B[94m255#x1B[39;49;00m#x1B[90m#x1B[39;49;00m != #x1B[0m#x1B[94m128#x1B[39;49;00m#x1B[90m#x1B[39;49;00m&#10;  Use -v to get more diff">tests\test_accessibility.py:145: in test_get_element_color_named
    assert bg_color == (0, 128, 0)
E   assert (0, 255, 0) == (0, 128, 0)
E     
E     At index 1 diff: #x1B[0m#x1B[94m255#x1B[39;49;00m#x1B[90m#x1B[39;49;00m != #x1B[0m#x1B[94m128#x1B[39;49;00m#x1B[90m#x1B[39;49;00m
E     Use -v to get more diff</failure></testcase><testcase classname="tests.elements.test_base" name="test_get_click_point_no_location" time="0.003" /><testcase classname="tests.backends.test_base" name="test_find_elements_empty" time="0.003" /><testcase classname="tests.elements.test_listview" name="test_listview_items" time="0.004" /><testcase classname="tests.elements.test_scrollbar" name="test_scrollbar_scroll_by" time="0.003" /><testcase classname="tests.elements.test_base" name="test_click" time="0.003" /><testcase classname="tests.test_session" name="test_verify_visual_state" time="0.005"><failure message="AttributeError: 'AutomationSession' object has no attribute 'verify_visual_state'. Did you mean: 'verify_visual_hash'?">tests\test_session.py:331: in test_verify_visual_state
    result = session.verify_visual_state("test_state")
E   AttributeError: 'AutomationSession' object has no attribute 'verify_visual_state'. Did you mean: 'verify_visual_hash'?</failure></testcase><testcase classname="tests.test_performance" name="test_generate_report" time="0.508" /><testcase classname="tests.backends.test_base" name="test_abstract_find_element" time="0.003"><failure message="Failed: DID NOT RAISE &lt;class 'NotImplementedError'&gt;">tests\backends\test_base.py:521: in test_abstract_find_element
    with pytest.raises(NotImplementedError):
E   Failed: DID NOT RAISE &lt;class 'NotImplementedError'&gt;</failure></testcase><testcase classname="tests.elements.test_listview" name="test_listview_selected_items" time="0.004" /><testcase classname="tests.elements.test_scrollbar" name="test_scrollbar_scroll_by_clamped" time="0.004" /><testcase classname="tests.elements.test_base" name="test_double_click" time="0.003" /><testcase classname="tests.elements.test_listview" name="test_listview_item_count" time="0.004" /><testcase classname="tests.elements.test_scrollbar" name="test_scrollbar_scroll_step_forward" time="0.004" /><testcase classname="tests.elements.test_base" name="test_right_click" time="0.003" /><testcase classname="tests.backends.test_base" name="test_abstract_find_elements" time="0.003"><failure message="Failed: DID NOT RAISE &lt;class 'NotImplementedError'&gt;">tests\backends\test_base.py:526: in test_abstract_find_elements
    with pytest.raises(NotImplementedError):
E   Failed: DID NOT RAISE &lt;class 'NotImplementedError'&gt;</failure></testcase><testcase classname="tests.elements.test_listview" name="test_listview_get_item" time="0.004" /><testcase classname="tests.elements.test_scrollbar" name="test_scrollbar_scroll_step_backward" time="0.003" /><testcase classname="tests.elements.test_base" name="test_hover" time="0.004" /><testcase classname="tests.elements.test_accordion" name="test_panel_collapse" time="0.004"><failure message="AttributeError: property 'is_expanded' of 'AccordionPanel' object has no deleter">C:\Program Files\Python312\Lib\unittest\mock.py:1564: in __enter__
    setattr(self.target, self.attribute, new_attr)
E   AttributeError: property 'is_expanded' of 'AccordionPanel' object has no setter

During handling of the above exception, another exception occurred:
tests\elements\test_accordion.py:97: in test_panel_collapse
    with patch.object(panel, 'is_expanded', return_value=True):
C:\Program Files\Python312\Lib\unittest\mock.py:1577: in __enter__
    if not self.__exit__(*sys.exc_info()):
C:\Program Files\Python312\Lib\unittest\mock.py:1585: in __exit__
    delattr(self.target, self.attribute)
E   AttributeError: property 'is_expanded' of 'AccordionPanel' object has no deleter</failure></testcase><testcase classname="tests.elements.test_listview" name="test_listview_get_item_not_found" time="0.004" /><testcase classname="tests.test_core" name="test_wait_until" time="0.010"><failure message="AssertionError: assert &lt;MagicMock name='mock.wait_until()' id='1637969456080'&gt; is True">tests\test_core.py:139: in test_wait_until
    assert result is True
E   AssertionError: assert &lt;MagicMock name='mock.wait_until()' id='1637969456080'&gt; is True</failure></testcase><testcase classname="tests.elements.test_scrollbar" name="test_scrollbar_scroll_page_forward" time="0.004" /><testcase classname="tests.test_session" name="test_verify_visual_state_with_differences" time="0.005"><failure message="AttributeError: 'AutomationSession' object has no attribute 'verify_visual_state'. Did you mean: 'verify_visual_hash'?">tests\test_session.py:340: in test_verify_visual_state_with_differences
    result = session.verify_visual_state("test_state")
E   AttributeError: 'AutomationSession' object has no attribute 'verify_visual_state'. Did you mean: 'verify_visual_hash'?</failure></testcase><testcase classname="tests.elements.test_base" name="test_send_keys_no_interval" time="0.004" /><testcase classname="tests.backends.test_base" name="test_abstract_get_active_window" time="0.003"><failure message="Failed: DID NOT RAISE &lt;class 'NotImplementedError'&gt;">tests\backends\test_base.py:531: in test_abstract_get_active_window
    with pytest.raises(NotImplementedError):
E   Failed: DID NOT RAISE &lt;class 'NotImplementedError'&gt;</failure></testcase><testcase classname="tests.elements.test_listview" name="test_listview_get_item_by_index" time="0.005" /><testcase classname="tests.elements.test_scrollbar" name="test_scrollbar_scroll_page_backward" time="0.004" /><testcase classname="tests.elements.test_base" name="test_send_keys_with_interval" time="0.004" /><testcase classname="tests.elements.test_listview" name="test_listview_get_item_by_index_out_of_range" time="0.004" /><testcase classname="tests.elements.test_scrollbar" name="test_scrollbar_is_at_start" time="0.004" /><testcase classname="tests.elements.test_base" name="test_clear" time="0.005" /><testcase classname="tests.test_core" name="test_init_visual_testing" time="0.010" /><testcase classname="tests.backends.test_base" name="test_abstract_take_screenshot" time="0.003"><failure message="Failed: DID NOT RAISE &lt;class 'NotImplementedError'&gt;">tests\backends\test_base.py:536: in test_abstract_take_screenshot
    with pytest.raises(NotImplementedError):
E   Failed: DID NOT RAISE &lt;class 'NotImplementedError'&gt;</failure></testcase><testcase classname="tests.elements.test_listview" name="test_listview_select_item" time="0.004" /><testcase classname="tests.test_session" name="test_capture_baseline" time="0.005"><failure message="NameError: name 'os' is not defined. Did you forget to import 'os'">tests\test_session.py:347: in test_capture_baseline
    session.capture_visual_baseline(mock_element, "test_baseline")
pyui_automation\core\session.py:506: in capture_visual_baseline
    baseline_path = os.path.join(self._visual_test_dir, f"{name}_baseline.png")
E   NameError: name 'os' is not defined. Did you forget to import 'os'</failure></testcase><testcase classname="tests.elements.test_scrollbar" name="test_scrollbar_is_at_end" time="0.004" /><testcase classname="tests.elements.test_base" name="test_capture_screenshot_native" time="0.003" /><testcase classname="tests.elements.test_listview" name="test_listview_select_item_not_found" time="0.005" /><testcase classname="tests.test_core" name="test_capture_visual_baseline" time="0.010"><failure message="NameError: name 'os' is not defined. Did you forget to import 'os'">tests\test_core.py:150: in test_capture_visual_baseline
    result = ui_automation.capture_visual_baseline(element, "test")
pyui_automation\core\session.py:506: in capture_visual_baseline
    baseline_path = os.path.join(self._visual_test_dir, f"{name}_baseline.png")
E   NameError: name 'os' is not defined. Did you forget to import 'os'</failure></testcase><testcase classname="tests.elements.test_scrollbar" name="test_scrollbar_wait_until_value" time="0.004"><failure message="AttributeError: property 'value' of 'ScrollBar' object has no setter">tests\elements\test_scrollbar.py:211: in test_scrollbar_wait_until_value
    with patch.object(scrollbar, 'value', 75.0):
C:\Program Files\Python312\Lib\unittest\mock.py:1564: in __enter__
    setattr(self.target, self.attribute, new_attr)
E   AttributeError: property 'value' of 'ScrollBar' object has no setter</failure></testcase><testcase classname="tests.elements.test_base" name="test_capture_screenshot_fallback" time="0.005"><failure message="AssertionError: assert False&#10; +  where False = isinstance(&lt;MagicMock name='mock.capture_screenshot()' id='2156716421968'&gt;, &lt;class 'numpy.ndarray'&gt;)&#10; +    where &lt;class 'numpy.ndarray'&gt; = np.ndarray">tests\elements\test_base.py:161: in test_capture_screenshot_fallback
    assert isinstance(cropped, np.ndarray)
E   AssertionError: assert False
E    +  where False = isinstance(&lt;MagicMock name='mock.capture_screenshot()' id='2156716421968'&gt;, &lt;class 'numpy.ndarray'&gt;)
E    +    where &lt;class 'numpy.ndarray'&gt; = np.ndarray</failure></testcase><testcase classname="tests.backends.test_base" name="test_abstract_get_screen_size" time="0.003"><failure message="Failed: DID NOT RAISE &lt;class 'NotImplementedError'&gt;">tests\backends\test_base.py:541: in test_abstract_get_screen_size
    with pytest.raises(NotImplementedError):
E   Failed: DID NOT RAISE &lt;class 'NotImplementedError'&gt;</failure></testcase><testcase classname="tests.elements.test_listview" name="test_listview_select_item_by_index" time="0.003" /><testcase classname="tests.elements.test_listview" name="test_listview_select_item_by_index_out_of_range" time="0.004" /><testcase classname="tests.test_session" name="test_capture_visual_baseline_with_element" time="0.005"><failure message="NameError: name 'os' is not defined. Did you forget to import 'os'">tests\test_session.py:354: in test_capture_visual_baseline_with_element
    session.capture_visual_baseline(mock_element, "test_baseline")
pyui_automation\core\session.py:506: in capture_visual_baseline
    baseline_path = os.path.join(self._visual_test_dir, f"{name}_baseline.png")
E   NameError: name 'os' is not defined. Did you forget to import 'os'</failure></testcase><testcase classname="tests.elements.test_base" name="test_drag_and_drop" time="0.003" /><testcase classname="tests.elements.test_listview" name="test_listview_select_multiple_items" time="0.005" /><testcase classname="tests.elements.test_colorpicker" name="test_init" time="0.005" /><testcase classname="tests.elements.test_base" name="test_scroll_into_view_native" time="0.003" /><testcase classname="tests.test_core" name="test_compare_visual" time="0.009"><failure message="AttributeError: Element does not support screenshot capture">tests\test_core.py:160: in test_compare_visual
    assert ui_automation.compare_visual("test_comparison", test_image_path)
pyui_automation\core\session.py:513: in compare_visual
    raise AttributeError("Element does not support screenshot capture")
E   AttributeError: Element does not support screenshot capture</failure></testcase><testcase classname="tests.elements.test_listview" name="test_listview_clear_selection" time="0.004" /><testcase classname="tests.elements.test_colorpicker" name="test_color" time="0.003" /><testcase classname="tests.elements.test_base" name="test_scroll_into_view_fallback" time="0.003" /><testcase classname="tests.elements.test_listview" name="test_listview_wait_until_item_count" time="0.004"><failure message="AttributeError: property 'item_count' of 'ListView' object has no deleter">C:\Program Files\Python312\Lib\unittest\mock.py:1564: in __enter__
    setattr(self.target, self.attribute, new_attr)
E   AttributeError: property 'item_count' of 'ListView' object has no setter

During handling of the above exception, another exception occurred:
tests\elements\test_listview.py:206: in test_listview_wait_until_item_count
    with patch.object(listview, 'item_count', 3):
C:\Program Files\Python312\Lib\unittest\mock.py:1577: in __enter__
    if not self.__exit__(*sys.exc_info()):
C:\Program Files\Python312\Lib\unittest\mock.py:1585: in __exit__
    delattr(self.target, self.attribute)
E   AttributeError: property 'item_count' of 'ListView' object has no deleter</failure></testcase><testcase classname="tests.elements.test_colorpicker" name="test_rgb" time="0.003" /><testcase classname="tests.test_session" name="test_capture_visual_baseline_full_screen" time="0.005"><failure message="AttributeError: Element does not support screenshot capture">tests\test_session.py:361: in test_capture_visual_baseline_full_screen
    session.capture_visual_baseline(None, "test_baseline")
pyui_automation\core\session.py:503: in capture_visual_baseline
    raise AttributeError("Element does not support screenshot capture")
E   AttributeError: Element does not support screenshot capture</failure></testcase><testcase classname="tests.elements.test_base" name="test_wait_for_enabled_success" time="0.205" /><testcase classname="tests.elements.test_colorpicker" name="test_alpha" time="0.003" /><testcase classname="tests.elements.test_scrollbar" name="test_scrollbar_wait_until_at_start" time="0.004"><failure message="AttributeError: property 'value' of 'ScrollBar' object has no setter">tests\elements\test_scrollbar.py:228: in test_scrollbar_wait_until_at_start
    with patch.object(scrollbar, 'value', 0.0):
C:\Program Files\Python312\Lib\unittest\mock.py:1564: in __enter__
    setattr(self.target, self.attribute, new_attr)
E   AttributeError: property 'value' of 'ScrollBar' object has no setter</failure></testcase><testcase classname="tests.elements.test_colorpicker" name="test_is_expanded" time="0.003" /><testcase classname="tests.test_core" name="test_verify_visual_hash" time="0.009"><failure message="AttributeError: Element does not support screenshot capture">tests\test_core.py:169: in test_verify_visual_hash
    assert ui_automation.verify_visual_hash("test_hash", test_image_path)
pyui_automation\core\session.py:527: in verify_visual_hash
    raise AttributeError("Element does not support screenshot capture")
E   AttributeError: Element does not support screenshot capture</failure></testcase><testcase classname="tests.elements.test_accordion" name="test_panel_wait_until_expanded" time="0.004"><failure message="AttributeError: property 'is_expanded' of 'AccordionPanel' object has no deleter">C:\Program Files\Python312\Lib\unittest\mock.py:1564: in __enter__
    setattr(self.target, self.attribute, new_attr)
E   AttributeError: property 'is_expanded' of 'AccordionPanel' object has no setter

During handling of the above exception, another exception occurred:
tests\elements\test_accordion.py:107: in test_panel_wait_until_expanded
    with patch.object(panel, 'is_expanded', return_value=True):
C:\Program Files\Python312\Lib\unittest\mock.py:1577: in __enter__
    if not self.__exit__(*sys.exc_info()):
C:\Program Files\Python312\Lib\unittest\mock.py:1585: in __exit__
    delattr(self.target, self.attribute)
E   AttributeError: property 'is_expanded' of 'AccordionPanel' object has no deleter</failure></testcase><testcase classname="tests.test_accessibility" name="test_get_luminance" time="0.002" /><testcase classname="tests.elements.test_colorpicker" name="test_set_color_hex" time="0.003" /><testcase classname="tests.test_session" name="test_config_access" time="0.007"><failure message="AssertionError: assert False&#10; +  where False = hasattr(AutomationConfig(screenshot_format='png', screenshot_quality=90, screenshot_dir=None, visual_testing_enabled=False, vi...cessibility_standards=['wcag2a', 'wcag2aa'], accessibility_output_dir=None, backend_type='windows', backend_options={}), 'timeout')&#10; +    where AutomationConfig(screenshot_format='png', screenshot_quality=90, screenshot_dir=None, visual_testing_enabled=False, vi...cessibility_standards=['wcag2a', 'wcag2aa'], accessibility_output_dir=None, backend_type='windows', backend_options={}) = &lt;pyui_automation.core.session.AutomationSession object at 0x0000025C0EABDEB0&gt;.config">tests\test_session.py:248: in test_config_access
    assert hasattr(mock_session.config, 'timeout')
E   AssertionError: assert False
E    +  where False = hasattr(AutomationConfig(screenshot_format='png', screenshot_quality=90, screenshot_dir=None, visual_testing_enabled=False, vi...cessibility_standards=['wcag2a', 'wcag2aa'], accessibility_output_dir=None, backend_type='windows', backend_options={}), 'timeout')
E    +    where AutomationConfig(screenshot_format='png', screenshot_quality=90, screenshot_dir=None, visual_testing_enabled=False, vi...cessibility_standards=['wcag2a', 'wcag2aa'], accessibility_output_dir=None, backend_type='windows', backend_options={}) = &lt;pyui_automation.core.session.AutomationSession object at 0x0000025C0EABDEB0&gt;.config</failure></testcase><testcase classname="tests.elements.test_colorpicker" name="test_set_color_rgb" time="0.004" /><testcase classname="tests.test_accessibility" name="test_check_element_edge_cases" time="0.004" /><testcase classname="tests.test_accessibility" name="test_check_application_empty" time="0.003" /><testcase classname="tests.elements.test_colorpicker" name="test_set_alpha_valid" time="0.004" /><testcase classname="tests.test_accessibility" name="test_check_application_no_root" time="0.002" /><testcase classname="tests.elements.test_colorpicker" name="test_set_alpha_invalid_low" time="0.004" /><testcase classname="tests.test_core" name="test_launch_application" time="1.012"><failure message="RuntimeError: Failed to launch application: Process failed to start (exit code: &lt;MagicMock name='Popen().poll()' id='1637970764784'&gt;)">pyui_automation\application.py:96: in launch
    raise RuntimeError(f"Process failed to start (exit code: {process.poll()})")
E   RuntimeError: Process failed to start (exit code: &lt;MagicMock name='Popen().poll()' id='1637970764784'&gt;)

During handling of the above exception, another exception occurred:
tests\test_core.py:180: in test_launch_application
    app = ui_automation.launch_application("test.exe")
pyui_automation\core\session.py:613: in launch_application
    app.launch(path=Path(path), args=args_list, **kwargs)
pyui_automation\application.py:114: in launch
    raise RuntimeError(f"Failed to launch application: {str(e)}")
E   RuntimeError: Failed to launch application: Process failed to start (exit code: &lt;MagicMock name='Popen().poll()' id='1637970764784'&gt;)</failure></testcase><testcase classname="tests.test_session" name="test_component_access" time="0.007" /><testcase classname="tests.test_accessibility" name="test_generate_report_no_violations" time="0.006" /><testcase classname="tests.elements.test_colorpicker" name="test_set_alpha_invalid_high" time="0.004" /><testcase classname="tests.test_session" name="test_backend_property" time="0.006" /><testcase classname="tests.test_accessibility" name="test_color_parsing_errors" time="0.004"><failure message="assert None == (0, 0, 0)">tests\test_accessibility.py:201: in test_color_parsing_errors
    assert color == (0, 0, 0)  # Default to black
E   assert None == (0, 0, 0)</failure></testcase><testcase classname="tests.elements.test_colorpicker" name="test_expand_when_collapsed" time="0.004" /><testcase classname="tests.elements.test_scrollbar" name="test_scrollbar_wait_until_at_end" time="0.004"><failure message="AttributeError: property 'value' of 'ScrollBar' object has no setter">tests\elements\test_scrollbar.py:242: in test_scrollbar_wait_until_at_end
    with patch.object(scrollbar, 'value', 100.0):
C:\Program Files\Python312\Lib\unittest\mock.py:1564: in __enter__
    setattr(self.target, self.attribute, new_attr)
E   AttributeError: property 'value' of 'ScrollBar' object has no setter</failure></testcase><testcase classname="tests.test_session" name="test_find_element_strategies[id-test-id]" time="0.006" /><testcase classname="tests.elements.test_colorpicker" name="test_expand_when_expanded" time="0.003" /><testcase classname="tests.test_session" name="test_find_element_strategies[name-test-name]" time="0.006" /><testcase classname="tests.test_accessibility" name="test_contrast_ratio_edge_cases" time="0.003" /><testcase classname="tests.elements.test_colorpicker" name="test_collapse_when_expanded" time="0.003" /><testcase classname="tests.test_accessibility" name="test_luminance_calculation_errors" time="0.002"><failure message="assert 0 &lt;= -6.452983670248286e-05">tests\test_accessibility.py:250: in test_luminance_calculation_errors
    assert 0 &lt;= luminance &lt;= 1
E   assert 0 &lt;= -6.452983670248286e-05</failure></testcase><testcase classname="tests.elements.test_colorpicker" name="test_collapse_when_collapsed" time="0.003" /><testcase classname="tests.test_session" name="test_find_element_strategies[class-test-class]" time="0.006" /><testcase classname="tests.elements.test_colorpicker" name="test_select_preset_found" time="0.005" /><testcase classname="tests.test_session" name="test_find_element_strategies[xpath-//div[@id=&quot;test&quot;]]" time="0.006" /><testcase classname="tests.test_accessibility" name="test_check_element_exception_handling" time="0.005" /><testcase classname="tests.elements.test_menu" name="test_menu_item_init" time="0.004" /><testcase classname="tests.elements.test_colorpicker" name="test_select_preset_not_found" time="0.005" /><testcase classname="tests.elements.test_menu" name="test_menu_item_text" time="0.003" /><testcase classname="tests.test_accessibility" name="test_check_application_with_automation" time="0.005"><failure message="assert 0 &gt; 0&#10; +  where 0 = len([])&#10; +    where [] = &lt;pyui_automation.accessibility.AccessibilityChecker object at 0x000002140C69CDA0&gt;.violations">tests\test_accessibility.py:277: in test_check_application_with_automation
    assert len(checker.violations) &gt; 0
E   assert 0 &gt; 0
E    +  where 0 = len([])
E    +    where [] = &lt;pyui_automation.accessibility.AccessibilityChecker object at 0x000002140C69CDA0&gt;.violations</failure></testcase><testcase classname="tests.test_session" name="test_session_cleanup" time="0.010" /><testcase classname="tests.elements.test_colorpicker" name="test_wait_until_color_hex" time="0.003"><failure message="AttributeError: property 'color' of 'ColorPicker' object has no setter">tests\elements\test_colorpicker.py:134: in test_wait_until_color_hex
    with patch.object(colorpicker, 'color', '#FF0000'):
C:\Program Files\Python312\Lib\unittest\mock.py:1564: in __enter__
    setattr(self.target, self.attribute, new_attr)
E   AttributeError: property 'color' of 'ColorPicker' object has no setter</failure></testcase><testcase classname="tests.elements.test_breadcrumb" name="test_item_init" time="0.004" /><testcase classname="tests.elements.test_menu" name="test_menu_item_is_enabled" time="0.003" /><testcase classname="tests.test_session" name="test_start_performance_monitoring" time="0.007" /><testcase classname="tests.elements.test_accordion" name="test_panel_wait_until_collapsed" time="0.004"><failure message="AttributeError: property 'is_expanded' of 'AccordionPanel' object has no deleter">C:\Program Files\Python312\Lib\unittest\mock.py:1564: in __enter__
    setattr(self.target, self.attribute, new_attr)
E   AttributeError: property 'is_expanded' of 'AccordionPanel' object has no setter

During handling of the above exception, another exception occurred:
tests\elements\test_accordion.py:122: in test_panel_wait_until_collapsed
    with patch.object(panel, 'is_expanded', return_value=False):
C:\Program Files\Python312\Lib\unittest\mock.py:1577: in __enter__
    if not self.__exit__(*sys.exc_info()):
C:\Program Files\Python312\Lib\unittest\mock.py:1585: in __exit__
    delattr(self.target, self.attribute)
E   AttributeError: property 'is_expanded' of 'AccordionPanel' object has no deleter</failure></testcase><testcase classname="tests.elements.test_menu" name="test_menu_item_has_submenu" time="0.003" /><testcase classname="tests.elements.test_breadcrumb" name="test_item_text" time="0.003" /><testcase classname="tests.test_accessibility" name="test_generate_report_element_attributes" time="0.007"><failure message="AssertionError: assert 'test-id' in '\n        &lt;html&gt;\n        &lt;head&gt;\n            &lt;title&gt;Accessibility Report&lt;/title&gt;\n            &lt;style&gt;\n             ...scriptive alt text to the image&lt;/em&gt;&lt;/p&gt;\n            &lt;/div&gt;\n            \n        &lt;/body&gt;\n        &lt;/html&gt;\n        '">tests\test_accessibility.py:301: in test_generate_report_element_attributes
    assert "test-id" in content
E   AssertionError: assert 'test-id' in '\n        &lt;html&gt;\n        &lt;head&gt;\n            &lt;title&gt;Accessibility Report&lt;/title&gt;\n            &lt;style&gt;\n             ...scriptive alt text to the image&lt;/em&gt;&lt;/p&gt;\n            &lt;/div&gt;\n            \n        &lt;/body&gt;\n        &lt;/html&gt;\n        '</failure></testcase><testcase classname="tests.elements.test_calendar" name="test_init" time="0.005" /><testcase classname="tests.elements.test_breadcrumb" name="test_item_is_current" time="0.003" /><testcase classname="tests.elements.test_menu" name="test_menu_item_expand_with_submenu" time="0.005"><failure message="AssertionError: Expected 'hover' to have been called once. Called 0 times.">C:\Program Files\Python312\Lib\unittest\mock.py:923: in assert_called_once
    raise AssertionError(msg)
E   AssertionError: Expected 'hover' to have been called once. Called 0 times.

During handling of the above exception, another exception occurred:
tests\elements\test_menu.py:107: in test_menu_item_expand_with_submenu
    menu_item._element.hover.assert_called_once()
E   AssertionError: Expected 'hover' to have been called once. Called 0 times.</failure></testcase><testcase classname="tests.elements.test_calendar" name="test_selected_date" time="0.009" /><testcase classname="tests.elements.test_breadcrumb" name="test_item_url" time="0.003" /><testcase classname="tests.test_wait" name="test_wait_until_success" time="0.203" /><testcase classname="tests.elements.test_breadcrumb" name="test_item_click_with_url" time="0.004" /><testcase classname="tests.elements.test_calendar" name="test_selected_date_none" time="0.004" /><testcase classname="tests.elements.test_base" name="test_wait_for_enabled_timeout" time="0.105" /><testcase classname="tests.elements.test_breadcrumb" name="test_item_click_without_url" time="0.005"><failure message="AssertionError: Expected 'click' to not have been called. Called 1 times.&#10;Calls: [call()].">C:\Program Files\Python312\Lib\unittest\mock.py:905: in assert_not_called
    raise AssertionError(msg)
E   AssertionError: Expected 'click' to not have been called. Called 1 times.
E   Calls: [call()].

During handling of the above exception, another exception occurred:
tests\elements\test_breadcrumb.py:104: in test_item_click_without_url
    mock_element.click.assert_not_called()
E   AssertionError: Expected 'click' to not have been called. Called 1 times.
E   Calls: [call()].</failure></testcase><testcase classname="tests.elements.test_calendar" name="test_minimum_date" time="0.004" /><testcase classname="tests.elements.test_colorpicker" name="test_wait_until_color_rgb" time="0.003"><failure message="AttributeError: property 'rgb' of 'ColorPicker' object has no setter">tests\elements\test_colorpicker.py:146: in test_wait_until_color_rgb
    with patch.object(colorpicker, 'rgb', (255, 0, 0)):
C:\Program Files\Python312\Lib\unittest\mock.py:1564: in __enter__
    setattr(self.target, self.attribute, new_attr)
E   AttributeError: property 'rgb' of 'ColorPicker' object has no setter</failure></testcase><testcase classname="tests.elements.test_calendar" name="test_minimum_date_none" time="0.003" /><testcase classname="tests.elements.test_calendar" name="test_maximum_date" time="0.004" /><testcase classname="tests.elements.test_calendar" name="test_maximum_date_none" time="0.004" /><testcase classname="tests.elements.test_menu" name="test_menu_item_expand_without_submenu" time="0.004" /><testcase classname="tests.elements.test_calendar" name="test_displayed_month" time="0.005" /><testcase classname="tests.elements.test_menu" name="test_menu_item_select" time="0.003" /><testcase classname="tests.elements.test_calendar" name="test_select_date_valid" time="0.005" /><testcase classname="tests.elements.test_menu" name="test_menu_init" time="0.004" /><testcase classname="tests.elements.test_breadcrumb" name="test_breadcrumb_init" time="0.004" /><testcase classname="tests.elements.test_menu" name="test_menu_is_open" time="0.004" /><testcase classname="tests.elements.test_calendar" name="test_select_date_before_minimum" time="0.005" /><testcase classname="tests.elements.test_colorpicker" name="test_wait_until_expanded" time="0.004"><failure message="AttributeError: property 'is_expanded' of 'ColorPicker' object has no setter">tests\elements\test_colorpicker.py:158: in test_wait_until_expanded
    with patch.object(colorpicker, 'is_expanded', True):
C:\Program Files\Python312\Lib\unittest\mock.py:1564: in __enter__
    setattr(self.target, self.attribute, new_attr)
E   AttributeError: property 'is_expanded' of 'ColorPicker' object has no setter</failure></testcase><testcase classname="tests.elements.test_breadcrumb" name="test_breadcrumb_items" time="0.004" /><testcase classname="tests.elements.test_menu" name="test_menu_items" time="0.004" /><testcase classname="tests.elements.test_calendar" name="test_select_date_after_maximum" time="0.005" /><testcase classname="tests.elements.test_accordion" name="test_accordion_init" time="0.004" /><testcase classname="tests.elements.test_breadcrumb" name="test_breadcrumb_current_item" time="0.004" /><testcase classname="tests.elements.test_menu" name="test_menu_open_when_closed" time="0.004" /><testcase classname="tests.elements.test_accordion" name="test_accordion_panels" time="0.004" /><testcase classname="tests.elements.test_calendar" name="test_select_date_navigate_forward" time="0.010" /><testcase classname="tests.elements.test_breadcrumb" name="test_breadcrumb_current_item_none" time="0.005"><failure message="assert &lt;pyui_automation.elements.breadcrumb.BreadcrumbItem object at 0x0000026769625D30&gt; is None&#10; +  where &lt;pyui_automation.elements.breadcrumb.BreadcrumbItem object at 0x0000026769625D30&gt; = &lt;pyui_automation.elements.breadcrumb.Breadcrumb object at 0x0000026769625070&gt;.current_item">tests\elements\test_breadcrumb.py:131: in test_breadcrumb_current_item_none
    assert breadcrumb.current_item is None
E   assert &lt;pyui_automation.elements.breadcrumb.BreadcrumbItem object at 0x0000026769625D30&gt; is None
E    +  where &lt;pyui_automation.elements.breadcrumb.BreadcrumbItem object at 0x0000026769625D30&gt; = &lt;pyui_automation.elements.breadcrumb.Breadcrumb object at 0x0000026769625070&gt;.current_item</failure></testcase><testcase classname="tests.elements.test_menu" name="test_menu_open_when_already_open" time="0.005" /><testcase classname="tests.elements.test_base" name="test_wait_for_visible_success" time="0.204" /><testcase classname="tests.elements.test_accordion" name="test_accordion_expanded_panels" time="0.004" /><testcase classname="tests.elements.test_menu" name="test_menu_close_when_open" time="0.004" /><testcase classname="tests.elements.test_accordion" name="test_accordion_get_panel" time="0.005" /><testcase classname="tests.elements.test_calendar" name="test_select_date_navigate_backward" time="0.011" /><testcase classname="tests.elements.test_menu" name="test_menu_close_when_already_closed" time="0.004" /><testcase classname="tests.elements.test_breadcrumb" name="test_breadcrumb_path" time="0.004" /><testcase classname="tests.elements.test_accordion" name="test_accordion_expand_panel" time="0.005" /><testcase classname="tests.test_performance" name="test_collect_metrics" time="0.005"><failure message="assert 1 == 104857600">tests\test_performance.py:123: in test_collect_metrics
    assert metrics["memory_usage"] == memory_size
E   assert 1 == 104857600</failure></testcase><testcase classname="tests.elements.test_breadcrumb" name="test_breadcrumb_get_item" time="0.004" /><testcase classname="tests.elements.test_calendar" name="test_next_month" time="0.005" /><testcase classname="tests.elements.test_menu" name="test_menu_get_item_existing" time="0.004" /><testcase classname="tests.elements.test_accordion" name="test_accordion_expand_panel_not_found" time="0.006" /><testcase classname="tests.elements.test_menu" name="test_menu_get_item_nonexistent" time="0.004" /><testcase classname="tests.elements.test_breadcrumb" name="test_breadcrumb_get_item_not_found" time="0.004" /><testcase classname="tests.elements.test_colorpicker" name="test_wait_until_collapsed" time="0.003"><failure message="AttributeError: property 'is_expanded' of 'ColorPicker' object has no setter">tests\elements\test_colorpicker.py:170: in test_wait_until_collapsed
    with patch.object(colorpicker, 'is_expanded', True):
C:\Program Files\Python312\Lib\unittest\mock.py:1564: in __enter__
    setattr(self.target, self.attribute, new_attr)
E   AttributeError: property 'is_expanded' of 'ColorPicker' object has no setter</failure></testcase><testcase classname="tests.elements.test_calendar" name="test_previous_month" time="0.004" /><testcase classname="tests.elements.test_accordion" name="test_accordion_collapse_panel" time="0.005" /><testcase classname="tests.elements.test_menu" name="test_menu_select_item_existing" time="0.004" /><testcase classname="tests.elements.test_breadcrumb" name="test_breadcrumb_navigate_to" time="0.005" /><testcase classname="tests.test_performance" name="test_measure_operation_time" time="0.103" /><testcase classname="tests.elements.test_calendar" name="test_today" time="0.004" /><testcase classname="tests.elements.test_accordion" name="test_accordion_collapse_panel_not_found" time="0.004" /><testcase classname="tests.elements.test_menu" name="test_menu_select_item_nonexistent" time="0.005" /><testcase classname="tests.elements.test_breadcrumb" name="test_breadcrumb_navigate_to_not_found" time="0.005" /><testcase classname="tests.elements.test_calendar" name="test_clear" time="0.004" /><testcase classname="tests.elements.test_accordion" name="test_accordion_expand_all" time="0.004" /><testcase classname="tests.test_wait" name="test_wait_until_timeout" time="0.204" /><testcase classname="tests.elements.test_menu" name="test_menu_wait_until_open" time="0.004"><failure message="AttributeError: property 'is_open' of 'Menu' object has no deleter">C:\Program Files\Python312\Lib\unittest\mock.py:1564: in __enter__
    setattr(self.target, self.attribute, new_attr)
E   AttributeError: property 'is_open' of 'Menu' object has no setter

During handling of the above exception, another exception occurred:
tests\elements\test_menu.py:208: in test_menu_wait_until_open
    with patch.object(menu, 'is_open', True):
C:\Program Files\Python312\Lib\unittest\mock.py:1577: in __enter__
    if not self.__exit__(*sys.exc_info()):
C:\Program Files\Python312\Lib\unittest\mock.py:1585: in __exit__
    delattr(self.target, self.attribute)
E   AttributeError: property 'is_open' of 'Menu' object has no deleter</failure></testcase><testcase classname="tests.elements.test_breadcrumb" name="test_breadcrumb_wait_until_item_current" time="0.004" /><testcase classname="tests.elements.test_calendar" name="test_wait_until_date_selected" time="0.005"><failure message="AttributeError: property 'selected_date' of 'Calendar' object has no setter">tests\elements\test_calendar.py:219: in test_wait_until_date_selected
    with patch.object(calendar, 'selected_date', new_callable=PropertyMock) as mock_selected_date:
C:\Program Files\Python312\Lib\unittest\mock.py:1564: in __enter__
    setattr(self.target, self.attribute, new_attr)
E   AttributeError: property 'selected_date' of 'Calendar' object has no setter</failure></testcase><testcase classname="tests.elements.test_accordion" name="test_accordion_collapse_all" time="0.004" /><testcase classname="tests.elements.test_breadcrumb" name="test_breadcrumb_wait_until_item_current_not_found" time="0.004" /><testcase classname="tests.elements.test_accordion" name="test_accordion_wait_until_panel_expanded" time="0.004" /><testcase classname="tests.elements.test_breadcrumb" name="test_breadcrumb_wait_until_path" time="0.004" /><testcase classname="tests.elements.test_accordion" name="test_accordion_wait_until_panel_expanded_not_found" time="0.005" /><testcase classname="tests.elements.test_spinner" name="test_spinner_init" time="0.003" /><testcase classname="tests.elements.test_breadcrumb" name="test_breadcrumb_wait_until_path_no_match" time="0.004" /><testcase classname="tests.elements.test_spinner" name="test_spinner_value" time="0.003" /><testcase classname="tests.elements.test_accordion" name="test_accordion_wait_until_panel_collapsed" time="0.004" /><testcase classname="tests.elements.test_progressbar" name="test_progressbar_init" time="0.003" /><testcase classname="tests.elements.test_spinner" name="test_spinner_minimum" time="0.003" /><testcase classname="tests.elements.test_accordion" name="test_accordion_wait_until_panel_collapsed_not_found" time="0.004" /><testcase classname="tests.elements.test_progressbar" name="test_progressbar_value" time="0.003" /><testcase classname="tests.elements.test_spinner" name="test_spinner_maximum" time="0.003" /><testcase classname="tests.elements.test_rating" name="test_rating_init" time="0.003" /><testcase classname="tests.elements.test_progressbar" name="test_progressbar_minimum" time="0.004" /><testcase classname="tests.elements.test_spinner" name="test_spinner_step" time="0.003" /><testcase classname="tests.elements.test_rating" name="test_rating_value" time="0.165"><failure message="AssertionError: expected call not found.&#10;Expected: get_property('value')&#10;Actual: get_property('readonly')&#10;&#10;pytest introspection follows:&#10;&#10;Args:&#10;assert ('readonly',) == ('value',)&#10;  &#10;  At index 0 diff: #x1B[0m#x1B[33m'#x1B[39;49;00m#x1B[33mreadonly#x1B[39;49;00m#x1B[33m'#x1B[39;49;00m#x1B[90m#x1B[39;49;00m != #x1B[0m#x1B[33m'#x1B[39;49;00m#x1B[33mvalue#x1B[39;49;00m#x1B[33m'#x1B[39;49;00m#x1B[90m#x1B[39;49;00m&#10;  Use -v to get more diff">C:\Program Files\Python312\Lib\unittest\mock.py:944: in assert_called_with
    raise AssertionError(_error_message()) from cause
E   AssertionError: expected call not found.
E   Expected: get_property('value')
E   Actual: get_property('readonly')

During handling of the above exception, another exception occurred:
tests\elements\test_rating.py:43: in test_rating_value
    mock_rating_element.get_property.assert_called_with('value')
E   AssertionError: expected call not found.
E   Expected: get_property('value')
E   Actual: get_property('readonly')
E   
E   pytest introspection follows:
E   
E   Args:
E   assert ('readonly',) == ('value',)
E     
E     At index 0 diff: #x1B[0m#x1B[33m'#x1B[39;49;00m#x1B[33mreadonly#x1B[39;49;00m#x1B[33m'#x1B[39;49;00m#x1B[90m#x1B[39;49;00m != #x1B[0m#x1B[33m'#x1B[39;49;00m#x1B[33mvalue#x1B[39;49;00m#x1B[33m'#x1B[39;49;00m#x1B[90m#x1B[39;49;00m
E     Use -v to get more diff</failure></testcase><testcase classname="tests.elements.test_progressbar" name="test_progressbar_maximum" time="0.003" /><testcase classname="tests.elements.test_calendar" name="test_wait_until_month_displayed" time="0.005"><failure message="AttributeError: property 'displayed_month' of 'Calendar' object has no setter">tests\elements\test_calendar.py:241: in test_wait_until_month_displayed
    with patch.object(calendar, 'displayed_month', new_callable=PropertyMock) as mock_displayed_month:
C:\Program Files\Python312\Lib\unittest\mock.py:1564: in __enter__
    setattr(self.target, self.attribute, new_attr)
E   AttributeError: property 'displayed_month' of 'Calendar' object has no setter</failure></testcase><testcase classname="tests.elements.test_spinner" name="test_spinner_is_enabled" time="0.003" /><testcase classname="tests.elements.test_progressbar" name="test_progressbar_percentage_normal" time="0.003" /><testcase classname="tests.test_performance" name="test_monitor_resource_usage" time="0.206" /><testcase classname="tests.elements.test_spinner" name="test_spinner_set_value_valid" time="0.004" /><testcase classname="tests.elements.test_progressbar" name="test_progressbar_percentage_zero_range" time="0.003" /><testcase classname="tests.elements.test_spinner" name="test_spinner_set_value_below_minimum" time="0.004" /><testcase classname="tests.elements.test_progressbar" name="test_progressbar_percentage_custom_range" time="0.003" /><testcase classname="tests.elements.test_spinner" name="test_spinner_set_value_above_maximum" time="0.003" /><testcase classname="tests.elements.test_progressbar" name="test_progressbar_is_indeterminate" time="0.003" /><testcase classname="tests.elements.test_spinner" name="test_spinner_increment_normal" time="0.004" /><testcase classname="tests.elements.test_progressbar" name="test_progressbar_status_text" time="0.003" /><testcase classname="tests.elements.test_base" name="test_wait_for_visible_timeout" time="0.104" /><testcase classname="tests.elements.test_menu" name="test_menu_wait_until_closed" time="0.004"><failure message="AttributeError: property 'is_open' of 'Menu' object has no deleter">C:\Program Files\Python312\Lib\unittest\mock.py:1564: in __enter__
    setattr(self.target, self.attribute, new_attr)
E   AttributeError: property 'is_open' of 'Menu' object has no setter

During handling of the above exception, another exception occurred:
tests\elements\test_menu.py:221: in test_menu_wait_until_closed
    with patch.object(menu, 'is_open', False):
C:\Program Files\Python312\Lib\unittest\mock.py:1577: in __enter__
    if not self.__exit__(*sys.exc_info()):
C:\Program Files\Python312\Lib\unittest\mock.py:1585: in __exit__
    delattr(self.target, self.attribute)
E   AttributeError: property 'is_open' of 'Menu' object has no deleter</failure></testcase><testcase classname="tests.elements.test_spinner" name="test_spinner_increment_at_maximum" time="0.003" /><testcase classname="tests.elements.test_progressbar" name="test_progressbar_status_text_none" time="0.003" /><testcase classname="tests.elements.test_spinner" name="test_spinner_increment_near_maximum" time="0.004" /><testcase classname="tests.elements.test_dialog" name="test_init" time="0.004" /><testcase classname="tests.elements.test_progressbar" name="test_progressbar_wait_until_complete" time="0.003"><failure message="AttributeError: property 'value' of 'ProgressBar' object has no setter">tests\elements\test_progressbar.py:123: in test_progressbar_wait_until_complete
    with patch.object(progressbar, 'value', 100.0):
C:\Program Files\Python312\Lib\unittest\mock.py:1564: in __enter__
    setattr(self.target, self.attribute, new_attr)
E   AttributeError: property 'value' of 'ProgressBar' object has no setter</failure></testcase><testcase classname="tests.elements.test_spinner" name="test_spinner_decrement_normal" time="0.003" /><testcase classname="tests.elements.test_dialog" name="test_title" time="0.004" /><testcase classname="tests.elements.test_spinner" name="test_spinner_decrement_at_minimum" time="0.003" /><testcase classname="tests.elements.test_dialog" name="test_is_modal" time="0.005" /><testcase classname="tests.elements.test_spinner" name="test_spinner_decrement_near_minimum" time="0.004" /><testcase classname="tests.elements.test_dialog" name="test_is_visible" time="0.004" /><testcase classname="tests.elements.test_spinner" name="test_spinner_wait_until_value" time="0.003"><failure message="AttributeError: property 'value' of 'Spinner' object has no setter">tests\elements\test_spinner.py:164: in test_spinner_wait_until_value
    with patch.object(spinner, 'value', 75):
C:\Program Files\Python312\Lib\unittest\mock.py:1564: in __enter__
    setattr(self.target, self.attribute, new_attr)
E   AttributeError: property 'value' of 'Spinner' object has no setter</failure></testcase><testcase classname="tests.elements.test_dialog" name="test_buttons" time="0.005" /><testcase classname="tests.elements.test_dialog" name="test_click_button_found" time="0.004" /><testcase classname="tests.test_wait" name="test_wait_until_custom_error" time="0.204" /><testcase classname="tests.elements.test_progressbar" name="test_progressbar_wait_until_value" time="0.003"><failure message="AttributeError: property 'value' of 'ProgressBar' object has no setter">tests\elements\test_progressbar.py:138: in test_progressbar_wait_until_value
    with patch.object(progressbar, 'value', 80.0):
C:\Program Files\Python312\Lib\unittest\mock.py:1564: in __enter__
    setattr(self.target, self.attribute, new_attr)
E   AttributeError: property 'value' of 'ProgressBar' object has no setter</failure></testcase><testcase classname="tests.elements.test_dialog" name="test_click_button_not_found" time="0.005" /><testcase classname="tests.elements.test_dialog" name="test_close" time="0.004" /><testcase classname="tests.elements.test_dialog" name="test_get_content_text" time="0.004" /><testcase classname="tests.elements.test_base" name="test_get_parent" time="0.003" /><testcase classname="tests.elements.test_dialog" name="test_get_content_text_none" time="0.003" /><testcase classname="tests.elements.test_base" name="test_get_children" time="0.004" /><testcase classname="tests.elements.test_spinner" name="test_spinner_wait_until_enabled" time="0.004"><failure message="AttributeError: property 'is_enabled' of 'Spinner' object has no deleter">C:\Program Files\Python312\Lib\unittest\mock.py:1564: in __enter__
    setattr(self.target, self.attribute, new_attr)
E   AttributeError: property 'is_enabled' of 'Spinner' object has no setter

During handling of the above exception, another exception occurred:
tests\elements\test_spinner.py:181: in test_spinner_wait_until_enabled
    with patch.object(spinner, 'is_enabled', True):
C:\Program Files\Python312\Lib\unittest\mock.py:1577: in __enter__
    if not self.__exit__(*sys.exc_info()):
C:\Program Files\Python312\Lib\unittest\mock.py:1585: in __exit__
    delattr(self.target, self.attribute)
E   AttributeError: property 'is_enabled' of 'Spinner' object has no deleter</failure></testcase><testcase classname="tests.elements.test_dialog" name="test_get_message" time="0.005" /><testcase classname="tests.elements.test_base" name="test_find_element" time="0.004" /><testcase classname="tests.elements.test_tree" name="test_node_text" time="0.003" /><testcase classname="tests.elements.test_dialog" name="test_get_message_none" time="0.004" /><testcase classname="tests.elements.test_base" name="test_find_elements" time="0.003" /><testcase classname="tests.elements.test_progressbar" name="test_progressbar_wait_until_percentage" time="0.003"><failure message="AttributeError: property 'percentage' of 'ProgressBar' object has no setter">tests\elements\test_progressbar.py:153: in test_progressbar_wait_until_percentage
    with patch.object(progressbar, 'percentage', 80.0):
C:\Program Files\Python312\Lib\unittest\mock.py:1564: in __enter__
    setattr(self.target, self.attribute, new_attr)
E   AttributeError: property 'percentage' of 'ProgressBar' object has no setter</failure></testcase><testcase classname="tests.elements.test_tree" name="test_node_is_expanded" time="0.003" /><testcase classname="tests.elements.test_dialog" name="test_wait_until_open" time="0.004"><failure message="AttributeError: property 'is_visible' of 'Dialog' object has no setter">tests\elements\test_dialog.py:125: in test_wait_until_open
    with patch.object(dialog, 'is_visible', True):
C:\Program Files\Python312\Lib\unittest\mock.py:1564: in __enter__
    setattr(self.target, self.attribute, new_attr)
E   AttributeError: property 'is_visible' of 'Dialog' object has no setter</failure></testcase><testcase classname="tests.elements.test_base" name="test_take_screenshot" time="0.003" /><testcase classname="tests.elements.test_tree" name="test_node_is_selected" time="0.003" /><testcase classname="tests.elements.test_base" name="test_get_attributes" time="0.003" /><testcase classname="tests.elements.test_tree" name="test_node_level" time="0.003" /><testcase classname="tests.test_performance" name="test_performance_threshold_check" time="0.003" /><testcase classname="tests.elements.test_rating" name="test_rating_maximum" time="0.003" /><testcase classname="tests.elements.test_base" name="test_get_attributes_fallback" time="0.004" /><testcase classname="tests.elements.test_tree" name="test_node_has_children" time="0.004" /><testcase classname="tests.test_performance" name="test_record_metric" time="0.006"><failure message="assert 2 == 1&#10; +  where 2 = len([PerformanceMetric(timestamp=0.0005211830139160156, cpu_usage=5.0, memory_usage=1, response_time=0.0), PerformanceMetric(timestamp=0.0014638900756835938, cpu_usage=5.0, memory_usage=1, response_time=0.0)])&#10; +    where [PerformanceMetric(timestamp=0.0005211830139160156, cpu_usage=5.0, memory_usage=1, response_time=0.0), PerformanceMetric(timestamp=0.0014638900756835938, cpu_usage=5.0, memory_usage=1, response_time=0.0)] = &lt;pyui_automation.performance.PerformanceMonitor object at 0x00000241C6BB5430&gt;.metrics">tests\test_performance.py:185: in test_record_metric
    assert len(perf_monitor.metrics) == 1
E   assert 2 == 1
E    +  where 2 = len([PerformanceMetric(timestamp=0.0005211830139160156, cpu_usage=5.0, memory_usage=1, response_time=0.0), PerformanceMetric(timestamp=0.0014638900756835938, cpu_usage=5.0, memory_usage=1, response_time=0.0)])
E    +    where [PerformanceMetric(timestamp=0.0005211830139160156, cpu_usage=5.0, memory_usage=1, response_time=0.0), PerformanceMetric(timestamp=0.0014638900756835938, cpu_usage=5.0, memory_usage=1, response_time=0.0)] = &lt;pyui_automation.performance.PerformanceMonitor object at 0x00000241C6BB5430&gt;.metrics</failure></testcase><testcase classname="tests.elements.test_rating" name="test_rating_is_readonly" time="0.003" /><testcase classname="tests.elements.test_base" name="test_get_properties" time="0.003" /><testcase classname="tests.elements.test_tree" name="test_node_expand" time="0.004" /><testcase classname="tests.elements.test_rating" name="test_rating_allows_half_stars" time="0.003" /><testcase classname="tests.elements.test_base" name="test_get_properties_fallback" time="0.003" /><testcase classname="tests.elements.test_tree" name="test_node_expand_already_expanded" time="0.003" /><testcase classname="tests.test_performance" name="test_analyze_metrics" time="0.004" /><testcase classname="tests.elements.test_rating" name="test_rating_set_rating_valid" time="0.004"><failure message="AssertionError: Expected 'click_at_offset' to be called once. Called 0 times.">C:\Program Files\Python312\Lib\unittest\mock.py:955: in assert_called_once_with
    raise AssertionError(msg)
E   AssertionError: Expected 'click_at_offset' to be called once. Called 0 times.

During handling of the above exception, another exception occurred:
tests\elements\test_rating.py:70: in test_rating_set_rating_valid
    rating._element.click_at_offset.assert_called_once_with(90, 0)  # 4.5 * 20
E   AssertionError: Expected 'click_at_offset' to be called once. Called 0 times.</failure></testcase><testcase classname="tests.elements.test_base" name="test_rect" time="0.003" /><testcase classname="tests.elements.test_tree" name="test_node_collapse" time="0.004" /><testcase classname="tests.elements.test_progressbar" name="test_progressbar_wait_until_percentage_invalid" time="0.004" /><testcase classname="tests.elements.test_base" name="test_center" time="0.003" /><testcase classname="tests.test_performance" name="test_export_metrics" time="0.007" /><testcase classname="tests.elements.test_tree" name="test_node_select" time="0.004" /><testcase classname="tests.elements.test_dialog" name="test_wait_until_closed" time="0.006"><failure message="AttributeError: property 'is_visible' of 'Dialog' object has no setter">tests\elements\test_dialog.py:137: in test_wait_until_closed
    with patch.object(dialog, 'is_visible', True):
C:\Program Files\Python312\Lib\unittest\mock.py:1564: in __enter__
    setattr(self.target, self.attribute, new_attr)
E   AttributeError: property 'is_visible' of 'Dialog' object has no setter</failure></testcase><testcase classname="tests.elements.test_progressbar" name="test_progressbar_wait_until_status" time="0.003"><failure message="AttributeError: property 'status_text' of 'ProgressBar' object has no setter">tests\elements\test_progressbar.py:177: in test_progressbar_wait_until_status
    with patch.object(progressbar, 'status_text', 'Completed'):
C:\Program Files\Python312\Lib\unittest\mock.py:1564: in __enter__
    setattr(self.target, self.attribute, new_attr)
E   AttributeError: property 'status_text' of 'ProgressBar' object has no setter</failure></testcase><testcase classname="tests.elements.test_base" name="test_value_get" time="0.003" /><testcase classname="tests.test_performance" name="test_plot_metrics" time="0.467" /><testcase classname="tests.elements.test_tree" name="test_node_get_parent" time="0.004"><failure message="assert False&#10; +  where False = isinstance(None, TreeNode)">tests\elements\test_tree.py:126: in test_node_get_parent
    assert isinstance(parent, TreeNode)
E   assert False
E    +  where False = isinstance(None, TreeNode)</failure></testcase><testcase classname="tests.elements.test_base" name="test_value_get_fallback" time="0.004" /><testcase classname="tests.elements.test_base" name="test_value_set" time="0.003" /><testcase classname="tests.elements.test_tree" name="test_node_get_parent_root" time="0.003" /><testcase classname="tests.elements.test_base" name="test_value_set_fallback" time="0.003" /><testcase classname="tests.elements.test_tree" name="test_node_get_children" time="0.003" /><testcase classname="tests.elements.test_toggle" name="test_init" time="0.003" /><testcase classname="tests.elements.test_tree" name="test_node_get_children_no_children" time="0.004" /><testcase classname="tests.elements.test_rating" name="test_rating_set_rating_out_of_range" time="0.004" /><testcase classname="tests.elements.test_spinner" name="test_spinner_float_values" time="0.168"><failure message="AssertionError: expected call not found.&#10;Expected: set_property('value', 76.0)&#10;Actual: set_property('value', 51.0)&#10;&#10;pytest introspection follows:&#10;&#10;Args:&#10;assert ('value', 51.0) == ('value', 76.0)&#10;  &#10;  At index 1 diff: #x1B[0m#x1B[94m51.0#x1B[39;49;00m#x1B[90m#x1B[39;49;00m != #x1B[0m#x1B[94m76.0#x1B[39;49;00m#x1B[90m#x1B[39;49;00m&#10;  Use -v to get more diff">C:\Program Files\Python312\Lib\unittest\mock.py:944: in assert_called_with
    raise AssertionError(_error_message()) from cause
E   AssertionError: expected call not found.
E   Expected: set_property('value', 76.0)
E   Actual: set_property('value', 51.0)

During handling of the above exception, another exception occurred:
tests\elements\test_spinner.py:204: in test_spinner_float_values
    spinner._element.set_property.assert_called_with('value', 76.0)
E   AssertionError: expected call not found.
E   Expected: set_property('value', 76.0)
E   Actual: set_property('value', 51.0)
E   
E   pytest introspection follows:
E   
E   Args:
E   assert ('value', 51.0) == ('value', 76.0)
E     
E     At index 1 diff: #x1B[0m#x1B[94m51.0#x1B[39;49;00m#x1B[90m#x1B[39;49;00m != #x1B[0m#x1B[94m76.0#x1B[39;49;00m#x1B[90m#x1B[39;49;00m
E     Use -v to get more diff</failure></testcase><testcase classname="tests.test_wait" name="test_wait_until_element_success" time="0.053" /><testcase classname="tests.elements.test_toggle" name="test_is_on" time="0.167"><failure message="AssertionError: expected call not found.&#10;Expected: get_property('toggled')&#10;Actual: get_property('enabled')&#10;&#10;pytest introspection follows:&#10;&#10;Args:&#10;assert ('enabled',) == ('toggled',)&#10;  &#10;  At index 0 diff: #x1B[0m#x1B[33m'#x1B[39;49;00m#x1B[33menabled#x1B[39;49;00m#x1B[33m'#x1B[39;49;00m#x1B[90m#x1B[39;49;00m != #x1B[0m#x1B[33m'#x1B[39;49;00m#x1B[33mtoggled#x1B[39;49;00m#x1B[33m'#x1B[39;49;00m#x1B[90m#x1B[39;49;00m&#10;  Use -v to get more diff">C:\Program Files\Python312\Lib\unittest\mock.py:944: in assert_called_with
    raise AssertionError(_error_message()) from cause
E   AssertionError: expected call not found.
E   Expected: get_property('toggled')
E   Actual: get_property('enabled')

During handling of the above exception, another exception occurred:
tests\elements\test_toggle.py:35: in test_is_on
    mock_native_element.get_property.assert_called_with('toggled')
E   AssertionError: expected call not found.
E   Expected: get_property('toggled')
E   Actual: get_property('enabled')
E   
E   pytest introspection follows:
E   
E   Args:
E   assert ('enabled',) == ('toggled',)
E     
E     At index 0 diff: #x1B[0m#x1B[33m'#x1B[39;49;00m#x1B[33menabled#x1B[39;49;00m#x1B[33m'#x1B[39;49;00m#x1B[90m#x1B[39;49;00m != #x1B[0m#x1B[33m'#x1B[39;49;00m#x1B[33mtoggled#x1B[39;49;00m#x1B[33m'#x1B[39;49;00m#x1B[90m#x1B[39;49;00m
E     Use -v to get more diff</failure></testcase><testcase classname="tests.elements.test_tree" name="test_treeview_root_nodes" time="0.169"><failure message="AssertionError: expected call not found.&#10;Expected: find_elements(by='type', value='node')&#10;Actual: find_elements(by='level', value=0)&#10;&#10;pytest introspection follows:&#10;&#10;Kwargs:&#10;assert {'by': 'level', 'value': 0} == {'by': 'type'...alue': 'node'}&#10;  &#10;  Differing items:&#10;  #x1B[0m{#x1B[33m'#x1B[39;49;00m#x1B[33mvalue#x1B[39;49;00m#x1B[33m'#x1B[39;49;00m: #x1B[94m0#x1B[39;49;00m}#x1B[90m#x1B[39;49;00m != #x1B[0m{#x1B[33m'#x1B[39;49;00m#x1B[33mvalue#x1B[39;49;00m#x1B[33m'#x1B[39;49;00m: #x1B[33m'#x1B[39;49;00m#x1B[33mnode#x1B[39;49;00m#x1B[33m'#x1B[39;49;00m}#x1B[90m#x1B[39;49;00m&#10;  #x1B[0m{#x1B[33m'#x1B[39;49;00m#x1B[33mby#x1B[39;49;00m#x1B[33m'#x1B[39;49;00m: #x1B[33m'#x1B[39;49;00m#x1B[33mlevel#x1B[39;49;00m#x1B[33m'#x1B[39;49;00m}#x1B[90m#x1B[39;49;00m != #x1B[0m{#x1B[33m'#x1B[39;49;00m#x1B[33mby#x1B[39;49;00m#x1B[33m'#x1B[39;49;00m: #x1B[33m'#x1B[39;49;00m#x1B[33mtype#x1B[39;49;00m#x1B[33m'#x1B[39;49;00m}#x1B[90m#x1B[39;49;00m&#10;  Use -v to get more diff">C:\Program Files\Python312\Lib\unittest\mock.py:944: in assert_called_with
    raise AssertionError(_error_message()) from cause
E   AssertionError: expected call not found.
E   Expected: find_elements(by='type', value='node')
E   Actual: find_elements(by='level', value=0)

During handling of the above exception, another exception occurred:
tests\elements\test_tree.py:169: in test_treeview_root_nodes
    mock_treeview_element.find_elements.assert_called_with(by='type', value='node')
E   AssertionError: expected call not found.
E   Expected: find_elements(by='type', value='node')
E   Actual: find_elements(by='level', value=0)
E   
E   pytest introspection follows:
E   
E   Kwargs:
E   assert {'by': 'level', 'value': 0} == {'by': 'type'...alue': 'node'}
E     
E     Differing items:
E     #x1B[0m{#x1B[33m'#x1B[39;49;00m#x1B[33mvalue#x1B[39;49;00m#x1B[33m'#x1B[39;49;00m: #x1B[94m0#x1B[39;49;00m}#x1B[90m#x1B[39;49;00m != #x1B[0m{#x1B[33m'#x1B[39;49;00m#x1B[33mvalue#x1B[39;49;00m#x1B[33m'#x1B[39;49;00m: #x1B[33m'#x1B[39;49;00m#x1B[33mnode#x1B[39;49;00m#x1B[33m'#x1B[39;49;00m}#x1B[90m#x1B[39;49;00m
E     #x1B[0m{#x1B[33m'#x1B[39;49;00m#x1B[33mby#x1B[39;49;00m#x1B[33m'#x1B[39;49;00m: #x1B[33m'#x1B[39;49;00m#x1B[33mlevel#x1B[39;49;00m#x1B[33m'#x1B[39;49;00m}#x1B[90m#x1B[39;49;00m != #x1B[0m{#x1B[33m'#x1B[39;49;00m#x1B[33mby#x1B[39;49;00m#x1B[33m'#x1B[39;49;00m: #x1B[33m'#x1B[39;49;00m#x1B[33mtype#x1B[39;49;00m#x1B[33m'#x1B[39;49;00m}#x1B[90m#x1B[39;49;00m
E     Use -v to get more diff</failure></testcase><testcase classname="tests.elements.test_dialog" name="test_wait_until_button_enabled" time="0.005" /><testcase classname="tests.elements.test_text" name="test_init" time="0.003" /><testcase classname="tests.elements.test_rating" name="test_rating_set_rating_half_stars_not_allowed" time="0.004" /><testcase classname="tests.elements.test_dialog" name="test_wait_until_button_enabled_not_found" time="0.004" /><testcase classname="tests.elements.test_text" name="test_text_property" time="0.003" /><testcase classname="tests.elements.test_rating" name="test_rating_set_rating_readonly" time="0.003" /><testcase classname="tests.elements.test_dropdown" name="test_init" time="0.003" /><testcase classname="tests.elements.test_rating" name="test_rating_clear" time="0.004"><failure message="AssertionError: Expected 'click_at_offset' to be called once. Called 0 times.">C:\Program Files\Python312\Lib\unittest\mock.py:955: in assert_called_once_with
    raise AssertionError(msg)
E   AssertionError: Expected 'click_at_offset' to be called once. Called 0 times.

During handling of the above exception, another exception occurred:
tests\elements\test_rating.py:113: in test_rating_clear
    rating._element.click_at_offset.assert_called_once_with(0, 0)
E   AssertionError: Expected 'click_at_offset' to be called once. Called 0 times.</failure></testcase><testcase classname="tests.elements.test_text" name="test_is_editable" time="0.003" /><testcase classname="tests.elements.test_dropdown" name="test_is_expanded" time="0.003" /><testcase classname="tests.elements.test_text" name="test_font_name" time="0.003" /><testcase classname="tests.elements.test_dropdown" name="test_selected_item" time="0.003" /><testcase classname="tests.elements.test_text" name="test_font_size" time="0.003" /><testcase classname="tests.elements.test_dropdown" name="test_items" time="0.003" /><testcase classname="tests.test_wait" name="test_wait_until_element_timeout" time="0.204" /><testcase classname="tests.elements.test_text" name="test_font_weight" time="0.003" /><testcase classname="tests.elements.test_dropdown" name="test_expand_when_collapsed" time="0.004"><failure message="AttributeError: Cannot delete is_expanded property">tests\elements\test_dropdown.py:49: in test_expand_when_collapsed
    with patch.object(dropdown, 'is_expanded', False):
C:\Program Files\Python312\Lib\unittest\mock.py:1585: in __exit__
    delattr(self.target, self.attribute)
pyui_automation\elements\dropdown.py:30: in is_expanded
    raise AttributeError("Cannot delete is_expanded property")
E   AttributeError: Cannot delete is_expanded property</failure></testcase><testcase classname="tests.elements.test_text" name="test_text_color" time="0.003" /><testcase classname="tests.elements.test_text" name="test_set_text_when_editable" time="0.003" /><testcase classname="tests.elements.test_text" name="test_set_text_when_not_editable" time="0.004" /><testcase classname="tests.elements.test_rating" name="test_rating_clear_readonly" time="0.003" /><testcase classname="tests.elements.test_text" name="test_append_text_when_editable" time="0.004" /><testcase classname="tests.elements.test_rating" name="test_rating_hover_rating_valid" time="0.003"><failure message="AssertionError: Expected 'hover_at_offset' to be called once. Called 0 times.">C:\Program Files\Python312\Lib\unittest\mock.py:955: in assert_called_once_with
    raise AssertionError(msg)
E   AssertionError: Expected 'hover_at_offset' to be called once. Called 0 times.

During handling of the above exception, another exception occurred:
tests\elements\test_rating.py:135: in test_rating_hover_rating_valid
    rating._element.hover_at_offset.assert_called_once_with(90, 0)  # 4.5 * 20
E   AssertionError: Expected 'hover_at_offset' to be called once. Called 0 times.</failure></testcase><testcase classname="tests.elements.test_text" name="test_append_text_when_not_editable" time="0.003" /><testcase classname="tests.elements.test_text" name="test_clear_when_editable" time="0.003" /><testcase classname="tests.elements.test_dropdown" name="test_expand_when_already_expanded" time="0.004"><failure message="AttributeError: Cannot delete is_expanded property">C:\Program Files\Python312\Lib\unittest\mock.py:905: in assert_not_called
    raise AssertionError(msg)
[...]
    ui = AutomationSession(config=config)
E   TypeError: AutomationSession.__init__() missing 1 required positional argument: 'backend'</failure></testcase><testcase classname="tests.test_wait" name="test_for_element_text_success" time="0.205"><failure message="pyui_automation.exceptions.WaitTimeout: Element text mismatch: id=test-id">tests\test_wait.py:166: in test_for_element_text_success
    element = element_waits.for_element_text("id", "test-id", "test-text", timeout=0.2)
pyui_automation\wait.py:193: in for_element_text
    self.wait_until(condition, timeout,
pyui_automation\wait.py:74: in wait_until
    return wait_until(condition, timeout, poll_frequency, error_message)
pyui_automation\wait.py:39: in wait_until
    raise WaitTimeout(error_message)
E   pyui_automation.exceptions.WaitTimeout: Element text mismatch: id=test-id</failure></testcase><testcase classname="tests.test_core" name="test_element_waits_configuration" time="0.009"><failure message="AssertionError: assert 10.0 == 15&#10; +  where 10.0 = AutomationConfig(screenshot_format='png', screenshot_quality=90, screenshot_dir=None, visual_testing_enabled=False, vi...cessibility_standards=['wcag2a', 'wcag2aa'], accessibility_output_dir=None, backend_type='windows', backend_options={}).default_timeout&#10; +    where AutomationConfig(screenshot_format='png', screenshot_quality=90, screenshot_dir=None, visual_testing_enabled=False, vi...cessibility_standards=['wcag2a', 'wcag2aa'], accessibility_output_dir=None, backend_type='windows', backend_options={}) = &lt;pyui_automation.core.session.AutomationSession object at 0x0000017D5E8E5BE0&gt;._config">tests\test_core.py:476: in test_element_waits_configuration
    assert ui_automation._config.default_timeout == custom_timeout
E   AssertionError: assert 10.0 == 15
E    +  where 10.0 = AutomationConfig(screenshot_format='png', screenshot_quality=90, screenshot_dir=None, visual_testing_enabled=False, vi...cessibility_standards=['wcag2a', 'wcag2aa'], accessibility_output_dir=None, backend_type='windows', backend_options={}).default_timeout
E    +    where AutomationConfig(screenshot_format='png', screenshot_quality=90, screenshot_dir=None, visual_testing_enabled=False, vi...cessibility_standards=['wcag2a', 'wcag2aa'], accessibility_output_dir=None, backend_type='windows', backend_options={}) = &lt;pyui_automation.core.session.AutomationSession object at 0x0000017D5E8E5BE0&gt;._config</failure></testcase><testcase classname="tests.test_core" name="test_visual_testing_configuration" time="0.011"><failure message="AssertionError: assert 0.95 == 0.98&#10; +  where 0.95 = AutomationConfig(screenshot_format='png', screenshot_quality=90, screenshot_dir=None, visual_testing_enabled=False, vi...cessibility_standards=['wcag2a', 'wcag2aa'], accessibility_output_dir=None, backend_type='windows', backend_options={}).visual_threshold&#10; +    where AutomationConfig(screenshot_format='png', screenshot_quality=90, screenshot_dir=None, visual_testing_enabled=False, vi...cessibility_standards=['wcag2a', 'wcag2aa'], accessibility_output_dir=None, backend_type='windows', backend_options={}) = &lt;pyui_automation.core.session.AutomationSession object at 0x0000017D5E821BB0&gt;._config">tests\test_core.py:486: in test_visual_testing_configuration
    assert ui_automation._config.visual_threshold == custom_threshold
E   AssertionError: assert 0.95 == 0.98
E    +  where 0.95 = AutomationConfig(screenshot_format='png', screenshot_quality=90, screenshot_dir=None, visual_testing_enabled=False, vi...cessibility_standards=['wcag2a', 'wcag2aa'], accessibility_output_dir=None, backend_type='windows', backend_options={}).visual_threshold
E    +    where AutomationConfig(screenshot_format='png', screenshot_quality=90, screenshot_dir=None, visual_testing_enabled=False, vi...cessibility_standards=['wcag2a', 'wcag2aa'], accessibility_output_dir=None, backend_type='windows', backend_options={}) = &lt;pyui_automation.core.session.AutomationSession object at 0x0000017D5E821BB0&gt;._config</failure></testcase><testcase classname="tests.test_core" name="test_performance_monitoring_configuration" time="0.009"><failure message="AssertionError: assert False&#10; +  where False = hasattr(&lt;pyui_automation.core.session.AutomationSession object at 0x0000017D5EB07230&gt;, '_monitoring_thread')">tests\test_core.py:493: in test_performance_monitoring_configuration
    assert hasattr(ui_automation, "_monitoring_thread")
E   AssertionError: assert False
E    +  where False = hasattr(&lt;pyui_automation.core.session.AutomationSession object at 0x0000017D5EB07230&gt;, '_monitoring_thread')</failure></testcase><testcase classname="tests.test_core" name="test_multiple_backend_operations" time="0.009"><failure message="TypeError: unsupported operand type(s) for +: 'float' and 'str'">tests\test_core.py:505: in test_multiple_backend_operations
    ui_automation.wait_for("id", element_id)
pyui_automation\core\session.py:326: in wait_for
    end_time = time.time() + timeout
E   TypeError: unsupported operand type(s) for +: 'float' and 'str'</failure></testcase><testcase classname="tests.test_core" name="test_concurrent_operations" time="0.011" /><testcase classname="tests.test_wait" name="test_for_element_text_timeout" time="0.205" /><testcase classname="tests.test_ocr" name="test_find_text_location" time="1.384"><failure message="ValueError: not enough values to unpack (expected 2, got 0)">tests\test_ocr.py:83: in test_find_text_location
    location = ocr_engine.find_text_location(mock_element, "Sample Text 1")
pyui_automation\ocr.py:157: in find_text_location
    element_x, element_y = element.location
E   ValueError: not enough values to unpack (expected 2, got 0)</failure></testcase><testcase classname="tests.test_wait" name="test_for_element_contains_text_success" time="0.205"><failure message="pyui_automation.exceptions.WaitTimeout: Element text does not contain: test-text">tests\test_wait.py:187: in test_for_element_contains_text_success
    element = element_waits.for_element_contains_text(
pyui_automation\wait.py:224: in for_element_contains_text
    self.wait_until(condition, timeout,
pyui_automation\wait.py:74: in wait_until
    return wait_until(condition, timeout, poll_frequency, error_message)
pyui_automation\wait.py:39: in wait_until
    raise WaitTimeout(error_message)
E   pyui_automation.exceptions.WaitTimeout: Element text does not contain: test-text</failure></testcase><testcase classname="tests.test_performance" name="test_stress_test_with_errors" time="1.010" /><testcase classname="tests.test_wait" name="test_for_element_contains_text_timeout" time="0.207" /><testcase classname="tests.test_factory" name="test_create_visual_tester" time="0.003" /><testcase classname="tests.backends.test_game_backend" name="test_find_element_success" time="0.003"><error message="failed on setup with &quot;TypeError: Can't instantiate abstract class TestGameBackend without an implementation for abstract method 'resize_window'&quot;">tests\backends\test_game_backend.py:161: in game_backend
    return TestGameBackend()
E   TypeError: Can't instantiate abstract class TestGameBackend without an implementation for abstract method 'resize_window'</error></testcase><testcase classname="tests.backends.test_game_backend" name="test_find_element_not_found" time="0.002"><error message="failed on setup with &quot;TypeError: Can't instantiate abstract class TestGameBackend without an implementation for abstract method 'resize_window'&quot;">tests\backends\test_game_backend.py:161: in game_backend
    return TestGameBackend()
E   TypeError: Can't instantiate abstract class TestGameBackend without an implementation for abstract method 'resize_window'</error></testcase><testcase classname="tests.backends.test_game_backend" name="test_find_element_with_region" time="0.002"><error message="failed on setup with &quot;TypeError: Can't instantiate abstract class TestGameBackend without an implementation for abstract method 'resize_window'&quot;">tests\backends\test_game_backend.py:161: in game_backend
    return TestGameBackend()
E   TypeError: Can't instantiate abstract class TestGameBackend without an implementation for abstract method 'resize_window'</error></testcase><testcase classname="tests.backends.test_game_backend" name="test_find_element_screen_capture_failure" time="0.002"><error message="failed on setup with &quot;TypeError: Can't instantiate abstract class TestGameBackend without an implementation for abstract method 'resize_window'&quot;">tests\backends\test_game_backend.py:161: in game_backend
    return TestGameBackend()
E   TypeError: Can't instantiate abstract class TestGameBackend without an implementation for abstract method 'resize_window'</error></testcase><testcase classname="tests.backends.test_game_backend" name="test_capture_screen_with_region_original" time="0.002"><error message="failed on setup with &quot;TypeError: Can't instantiate abstract class TestGameBackend without an implementation for abstract method 'resize_window'&quot;">tests\backends\test_game_backend.py:161: in game_backend
    return TestGameBackend()
E   TypeError: Can't instantiate abstract class TestGameBackend without an implementation for abstract method 'resize_window'</error></testcase><testcase classname="tests.backends.test_game_backend" name="test_capture_screen_without_region_original" time="0.004"><error message="failed on setup with &quot;TypeError: Can't instantiate abstract class TestGameBackend without an implementation for abstract method 'resize_window'&quot;">tests\backends\test_game_backend.py:161: in game_backend
    return TestGameBackend()
E   TypeError: Can't instantiate abstract class TestGameBackend without an implementation for abstract method 'resize_window'</error></testcase><testcase classname="tests.test_performance" name="test_memory_leak_test" time="0.108"><failure message="assert True is True">tests\test_performance.py:339: in test_memory_leak_test
    assert results["has_leak"] is True
E   assert True is True</failure></testcase><testcase classname="tests.test_ocr" name="test_get_all_text" time="1.317"><failure message="ValueError: not enough values to unpack (expected 2, got 0)">tests\test_ocr.py:88: in test_get_all_text
    texts = ocr_engine.get_all_text(mock_element)
pyui_automation\ocr.py:184: in get_all_text
    element_x, element_y = element.location
E   ValueError: not enough values to unpack (expected 2, got 0)</failure></testcase><testcase classname="tests.test_performance" name="test_memory_leak_test_no_leak" time="0.107" /><testcase classname="tests.test_performance" name="test_performance_metric_dataclass" time="0.003" /><testcase classname="tests.test_performance" name="test_monitor_cleanup" time="0.006" /><testcase classname="tests.test_performance" name="test_monitoring_intervals[0.1]" time="0.206" /><testcase classname="tests.test_performance" name="test_monitoring_intervals[0.5]" time="1.005" /><testcase classname="tests.test_ocr" name="test_recognize_text" time="1.302" /><testcase classname="tests.test_performance" name="test_monitoring_intervals[1.0]" time="2.005" /><testcase classname="tests.test_ocr" name="test_recognize_text_with_preprocessing" time="1.219" /><testcase classname="tests.test_ocr" name="test_paddle_ocr_not_available" time="0.006"><failure message="AssertionError: Regex pattern did not match.&#10; Regex: 'PaddleOCR not available'&#10; Input: 'PaddleOCR is not available. Please install paddleocr package to use text recognition features.'">tests\test_ocr.py:129: in test_paddle_ocr_not_available
    engine.recognize_text(np.zeros((100, 100, 3), dtype=np.uint8))
pyui_automation\ocr.py:56: in recognize_text
    raise RuntimeError("PaddleOCR is not available. Please install paddleocr package to use text recognition features.")
E   RuntimeError: PaddleOCR is not available. Please install paddleocr package to use text recognition features.

During handling of the above exception, another exception occurred:
tests\test_ocr.py:128: in test_paddle_ocr_not_available
    with pytest.raises(RuntimeError, match="PaddleOCR not available"):
E   AssertionError: Regex pattern did not match.
E    Regex: 'PaddleOCR not available'
E    Input: 'PaddleOCR is not available. Please install paddleocr package to use text recognition features.'</failure></testcase><testcase classname="tests.test_performance" name="test_concurrent_monitoring" time="0.307" /><testcase classname="tests.test_performance" name="test_error_handling" time="0.005"><failure message="assert 2 == 1&#10; +  where 2 = len([PerformanceMetric(timestamp=0.0005710124969482422, cpu_usage=0.0, memory_usage=1, response_time=0.0), PerformanceMetric(timestamp=0.0015139579772949219, cpu_usage=0.0, memory_usage=1, response_time=0.0)])&#10; +    where [PerformanceMetric(timestamp=0.0005710124969482422, cpu_usage=0.0, memory_usage=1, response_time=0.0), PerformanceMetric(timestamp=0.0015139579772949219, cpu_usage=0.0, memory_usage=1, response_time=0.0)] = &lt;pyui_automation.performance.PerformanceMonitor object at 0x00000241C7E6A480&gt;.metrics">tests\test_performance.py:427: in test_error_handling
    assert len(perf_monitor.metrics) == 1
E   assert 2 == 1
E    +  where 2 = len([PerformanceMetric(timestamp=0.0005710124969482422, cpu_usage=0.0, memory_usage=1, response_time=0.0), PerformanceMetric(timestamp=0.0015139579772949219, cpu_usage=0.0, memory_usage=1, response_time=0.0)])
E    +    where [PerformanceMetric(timestamp=0.0005710124969482422, cpu_usage=0.0, memory_usage=1, response_time=0.0), PerformanceMetric(timestamp=0.0015139579772949219, cpu_usage=0.0, memory_usage=1, response_time=0.0)] = &lt;pyui_automation.performance.PerformanceMonitor object at 0x00000241C7E6A480&gt;.metrics</failure></testcase><testcase classname="tests.test_performance" name="test_resource_threshold_alerts" time="0.006" /><testcase classname="tests.test_ocr" name="test_set_languages" time="2.321" /><testcase classname="tests.test_performance" name="test_detect_regression" time="0.906" /><testcase classname="tests.test_ocr" name="test_set_languages_empty_list" time="1.289" /><testcase classname="tests.test_ocr" name="test_recognize_text_from_path" time="1.190" /><testcase classname="tests.test_ocr" name="test_recognize_text_from_pathlib" time="1.179" /><testcase classname="tests.test_ocr" name="test_recognize_text_invalid_path" time="1.168"><failure message="cv2.error: OpenCV(4.10.0) D:\a\opencv-python\opencv-python\opencv\modules\imgproc\src\color.cpp:196: error: (-215:Assertion failed) !_src.empty() in function 'cv::cvtColor'">tests\test_ocr.py:167: in test_recognize_text_invalid_path
    ocr_engine.recognize_text("nonexistent_image.png")
pyui_automation\ocr.py:65: in recognize_text
    image = cv2.cvtColor(image, cv2.COLOR_BGR2RGB)
E   cv2.error: OpenCV(4.10.0) D:\a\opencv-python\opencv-python\opencv\modules\imgproc\src\color.cpp:196: error: (-215:Assertion failed) !_src.empty() in function 'cv::cvtColor'</failure></testcase><testcase classname="tests.test_ocr" name="test_recognize_text_invalid_image" time="1.354"><failure message="Failed: DID NOT RAISE &lt;class 'ValueError'&gt;">tests\test_ocr.py:171: in test_recognize_text_invalid_image
    with pytest.raises(ValueError):
E   Failed: DID NOT RAISE &lt;class 'ValueError'&gt;</failure></testcase><testcase classname="tests.test_ocr" name="test_find_text_with_confidence" time="1.315"><failure message="ValueError: not enough values to unpack (expected 2, got 0)">tests\test_ocr.py:176: in test_find_text_with_confidence
    locations = ocr_engine.find_text_location(mock_element, "Sample Text", confidence_threshold=0.9)
pyui_automation\ocr.py:157: in find_text_location
    element_x, element_y = element.location
E   ValueError: not enough values to unpack (expected 2, got 0)</failure></testcase><testcase classname="tests.test_ocr" name="test_find_text_no_match" time="1.253"><failure message="ValueError: not enough values to unpack (expected 2, got 0)">tests\test_ocr.py:183: in test_find_text_no_match
    locations = ocr_engine.find_text_location(mock_element, "Nonexistent Text")
pyui_automation\ocr.py:157: in find_text_location
    element_x, element_y = element.location
E   ValueError: not enough values to unpack (expected 2, got 0)</failure></testcase><testcase classname="tests.test_ocr" name="test_get_all_text_with_confidence" time="1.318"><failure message="ValueError: not enough values to unpack (expected 2, got 0)">tests\test_ocr.py:189: in test_get_all_text_with_confidence
    texts = ocr_engine.get_all_text(mock_element, confidence_threshold=0.95)
pyui_automation\ocr.py:184: in get_all_text
    element_x, element_y = element.location
E   ValueError: not enough values to unpack (expected 2, got 0)</failure></testcase><testcase classname="tests.test_ocr" name="test_get_all_text_no_results" time="1.154" /><testcase classname="tests.test_ocr" name="test_preprocess_image" time="1.313"><failure message="assert (100, 100) == (100, 100, 3)&#10;  &#10;  Right contains one more item: #x1B[0m#x1B[94m3#x1B[39;49;00m#x1B[90m#x1B[39;49;00m&#10;  Use -v to get more diff">tests\test_ocr.py:208: in test_preprocess_image
    assert processed.shape == test_image.shape
E   assert (100, 100) == (100, 100, 3)
E     
E     Right contains one more item: #x1B[0m#x1B[94m3#x1B[39;49;00m#x1B[90m#x1B[39;49;00m
E     Use -v to get more diff</failure></testcase><testcase classname="tests.test_ocr" name="test_preprocess_image_grayscale" time="1.278"><failure message="assert 2 == 3&#10; +  where 2 = len((100, 100))&#10; +    where (100, 100) = array([[0, 0, 0, ..., 0, 0, 0],\n       [0, 0, 0, ..., 0, 0, 0],\n       [0, 0, 0, ..., 0, 0, 0],\n       ...,\n       [0, 0, 0, ..., 0, 0, 0],\n       [0, 0, 0, ..., 0, 0, 0],\n       [0, 0, 0, ..., 0, 0, 0]], dtype=uint8).shape">tests\test_ocr.py:215: in test_preprocess_image_grayscale
    assert len(processed.shape) == 3  # Should be converted to RGB
E   assert 2 == 3
E    +  where 2 = len((100, 100))
E    +    where (100, 100) = array([[0, 0, 0, ..., 0, 0, 0],\n       [0, 0, 0, ..., 0, 0, 0],\n       [0, 0, 0, ..., 0, 0, 0],\n       ...,\n       [0, 0, 0, ..., 0, 0, 0],\n       [0, 0, 0, ..., 0, 0, 0],\n       [0, 0, 0, ..., 0, 0, 0]], dtype=uint8).shape</failure></testcase><testcase classname="tests.test_ocr" name="test_read_text_partial_match" time="1.244" /><testcase classname="tests.test_ocr" name="test_read_text_case_sensitive" time="1.177" /><testcase classname="tests.test_ocr" name="test_read_text_exact_match" time="1.218" /><testcase classname="tests.test_ocr" name="test_multiple_language_recognition" time="2.342"><failure message="AssertionError">tests\test_ocr.py:237: in test_multiple_language_recognition
    text = ocr_engine.read_text(mock_element, "Sample")
pyui_automation\ocr.py:239: in read_text
    result = self._paddle_ocr.ocr(image, cls=True)
.venv\Lib\site-packages\paddleocr\paddleocr.py:729: in ocr
    assert isinstance(img, (np.ndarray, list, str, bytes))
E   AssertionError</failure></testcase><testcase classname="tests.test_ocr" name="test_recognize_text_different_dtypes[uint8]" time="1.248" /><testcase classname="tests.test_ocr" name="test_recognize_text_different_dtypes[float32]" time="1.219" /><testcase classname="tests.test_ocr" name="test_recognize_text_different_dtypes[float64]" time="1.170" /><testcase classname="tests.test_ocr" name="test_concurrent_ocr_operations" time="1.189" /><testcase classname="tests.test_ocr" name="test_memory_cleanup" time="1.610" /></testsuite></testsuites>